\BOOKMARK [1][-]{section.1}{\376\377\004\036\004\077\004\102\004\070\004\074\004\070\004\067\004\060\004\106\004\070\004\070\000\040\004\062\000\040\004\101\004\076\004\062\004\100\004\065\004\074\004\065\004\075\004\075\004\113\004\105\000\040\004\077\004\100\004\076\004\106\004\065\004\101\004\101\004\076\004\100\004\060\004\105}{}% 1
\BOOKMARK [2][-]{subsection.1.1}{\376\377\004\020\004\101\004\101\004\076\004\106\004\070\004\060\004\102\004\070\004\062\004\075\004\076\004\101\004\102\004\114\000\040\004\072\004\115\004\110\004\060\000\040\004\070\000\040\004\065\004\121\000\040\004\062\004\073\004\070\004\117\004\075\004\070\004\065\000\040\004\075\004\060\000\040\004\077\004\100\004\076\004\070\004\067\004\062\004\076\004\064\004\070\004\102\004\065\004\073\004\114\004\075\004\076\004\101\004\102\004\114}{section.1}% 2
\BOOKMARK [2][-]{subsection.1.2}{\376\377\004\032\004\076\004\075\004\062\004\065\004\071\004\065\004\100\004\075\004\076\004\065\000\040\004\070\000\040\004\062\004\075\004\065\004\076\004\107\004\065\004\100\004\065\004\064\004\075\004\076\004\065\000\040\004\070\004\101\004\077\004\076\004\073\004\075\004\065\004\075\004\070\004\065}{section.1}% 3
\BOOKMARK [2][-]{subsection.1.3}{\376\377\004\041\004\077\004\065\004\072\004\103\004\073\004\117\004\102\004\070\004\062\004\075\004\076\004\065\000\040\004\070\004\101\004\077\004\076\004\073\004\075\004\065\004\075\004\070\004\065\000\040\004\070\000\040\004\103\004\117\004\067\004\062\004\070\004\074\004\076\004\101\004\102\004\070}{section.1}% 4
\BOOKMARK [2][-]{subsection.1.4}{\376\377\004\037\004\100\004\065\004\064\004\101\004\072\004\060\004\067\004\060\004\075\004\070\004\065\000\040\004\062\004\065\004\102\004\062\004\073\004\065\004\075\004\070\004\071\000\040\000\050\000B\000r\000a\000n\000c\000h\000\040\000P\000r\000e\000d\000i\000c\000t\000i\000o\000n\000\051}{section.1}% 5
\BOOKMARK [1][-]{section.2}{\376\377\004\037\004\100\004\065\004\064\004\101\004\102\004\060\004\062\004\073\004\065\004\075\004\070\004\065\000\040\004\075\004\065\004\106\004\065\004\073\004\113\004\105\000\040\004\107\004\070\004\101\004\065\004\073}{}% 6
\BOOKMARK [2][-]{subsection.2.1}{\376\377\004\047\004\070\004\101\004\073\004\060\000\040\004\101\000\040\004\104\004\070\004\072\004\101\004\070\004\100\004\076\004\062\004\060\004\075\004\075\004\076\004\071\000\040\004\102\004\076\004\107\004\072\004\076\004\071\000\040\000\050\000F\000i\000x\000e\000d\000-\000P\000o\000i\000n\000t\000\051}{section.2}% 7
\BOOKMARK [2][-]{subsection.2.2}{\376\377\004\041\004\102\004\060\004\075\004\064\004\060\004\100\004\102\000\040\000I\000E\000E\000E\000\040\0007\0005\0004\000:\000\040\004\107\004\070\004\101\004\073\004\060\000\040\004\101\000\040\004\077\004\073\004\060\004\062\004\060\004\116\004\111\004\065\004\071\000\040\004\067\004\060\004\077\004\117\004\102\004\076\004\071}{section.2}% 8
\BOOKMARK [2][-]{subsection.2.3}{\376\377\004\041\004\077\004\065\004\106\004\070\004\060\004\073\004\114\004\075\004\113\004\065\000\040\004\101\004\073\004\103\004\107\004\060\004\070}{section.2}% 9
\BOOKMARK [2][-]{subsection.2.4}{\376\377\004\037\004\076\004\063\004\100\004\065\004\110\004\075\004\076\004\101\004\102\004\070\000\040\004\070\000\040\004\100\004\060\004\061\004\076\004\102\004\060\000\040\004\062\000\040\000C\000+\000+}{section.2}% 10
\BOOKMARK [1][-]{section.3}{\376\377\004\036\004\101\004\075\004\076\004\062\004\113\000\040\004\074\004\075\004\076\004\063\004\076\004\077\004\076\004\102\004\076\004\107\004\075\004\076\004\101\004\102\004\070}{}% 11
\BOOKMARK [2][-]{subsection.3.1}{\376\377\004\037\004\100\004\076\004\106\004\065\004\101\004\101\004\113\000\040\004\070\000\040\004\077\004\076\004\102\004\076\004\072\004\070}{section.3}% 12
\BOOKMARK [2][-]{subsection.3.2}{\376\377\004\041\004\070\004\075\004\105\004\100\004\076\004\075\004\070\004\067\004\060\004\106\004\070\004\117\000\040\004\070\000\040\004\064\004\076\004\101\004\102\004\103\004\077\000\040\004\072\000\040\004\076\004\061\004\111\004\065\004\071\000\040\004\077\004\060\004\074\004\117\004\102\004\070}{section.3}% 13
\BOOKMARK [2][-]{subsection.3.3}{\376\377\004\020\004\102\004\076\004\074\004\060\004\100\004\075\004\113\004\065\000\040\004\076\004\077\004\065\004\100\004\060\004\106\004\070\004\070\000\040\000\050\000s\000t\000d\000:\000:\000a\000t\000o\000m\000i\000c\000\051}{section.3}% 14
\BOOKMARK [2][-]{subsection.3.4}{\376\377\004\037\004\100\004\070\004\074\004\070\004\102\004\070\004\062\004\113\000\040\004\061\004\073\004\076\004\072\004\070\004\100\004\103\004\116\004\111\004\065\004\071\000\040\004\101\004\070\004\075\004\105\004\100\004\076\004\075\004\070\004\067\004\060\004\106\004\070\004\070}{section.3}% 15
\BOOKMARK [3][-]{subsubsection.3.4.1}{\376\377\004\034\004\114\004\116\004\102\004\065\004\072\004\101\000\040\000\050\000s\000t\000d\000:\000:\000m\000u\000t\000e\000x\000\051}{subsection.3.4}% 16
\BOOKMARK [3][-]{subsubsection.3.4.2}{\376\377\004\041\004\077\004\070\004\075\004\073\004\076\004\072\000\040\000\050\000S\000p\000i\000n\000l\000o\000c\000k\000\051}{subsection.3.4}% 17
\BOOKMARK [3][-]{subsubsection.3.4.3}{\376\377\004\043\004\101\004\073\004\076\004\062\004\075\004\113\004\065\000\040\004\077\004\065\004\100\004\065\004\074\004\065\004\075\004\075\004\113\004\065\000\040\000\050\000s\000t\000d\000:\000:\000c\000o\000n\000d\000i\000t\000i\000o\000n\000\137\000v\000a\000r\000i\000a\000b\000l\000e\000\051}{subsection.3.4}% 18
\BOOKMARK [1][-]{section.4}{\376\377\004\032\004\073\004\060\004\101\004\101\004\070\004\107\004\065\004\101\004\072\004\060\004\117\000\040\004\077\004\100\004\076\004\061\004\073\004\065\004\074\004\060\000:\000\040\004\076\004\061\004\065\004\064\004\060\004\116\004\111\004\070\004\065\000\040\004\104\004\070\004\073\004\076\004\101\004\076\004\104\004\113}{}% 19
\BOOKMARK [2][-]{subsection.4.1}{\376\377\004\037\004\076\004\101\004\102\004\060\004\075\004\076\004\062\004\072\004\060\000\040\004\067\004\060\004\064\004\060\004\107\004\070}{section.4}% 20
\BOOKMARK [2][-]{subsection.4.2}{\376\377\004\022\004\067\004\060\004\070\004\074\004\076\004\061\004\073\004\076\004\072\004\070\004\100\004\076\004\062\004\072\004\060\000\040\000\050\000D\000e\000a\000d\000l\000o\000c\000k\000\051}{section.4}% 21
