\BOOKMARK [1][-]{section.1}{\376\377\004\022\004\062\004\065\004\064\004\065\004\075\004\070\004\065\000\040\004\062\000\040\004\072\004\076\004\074\004\077\004\114\004\116\004\102\004\065\004\100\004\075\004\113\004\065\000\040\004\101\004\065\004\102\004\070}{}% 1
\BOOKMARK [1][-]{section.2}{\376\377\004\044\004\070\004\067\004\070\004\107\004\065\004\101\004\072\004\070\004\071\000\040\004\103\004\100\004\076\004\062\004\065\004\075\004\114\000:\000\040\004\077\004\065\004\100\004\065\004\064\004\060\004\107\004\060\000\040\004\101\004\070\004\063\004\075\004\060\004\073\004\060}{}% 2
\BOOKMARK [2][-]{subsection.2.1}{\376\377\004\046\004\070\004\104\004\100\004\076\004\062\004\113\004\065\000\040\004\070\000\040\004\060\004\075\004\060\004\073\004\076\004\063\004\076\004\062\004\113\004\065\000\040\004\101\004\070\004\063\004\075\004\060\004\073\004\113}{section.2}% 3
\BOOKMARK [2][-]{subsection.2.2}{\376\377\004\037\004\100\004\076\004\061\004\073\004\065\004\074\004\060\000\040\004\101\004\070\004\075\004\105\004\100\004\076\004\075\004\070\004\067\004\060\004\106\004\070\004\070\000\040\004\070\000\040\004\102\004\060\004\072\004\102\004\070\004\100\004\076\004\062\004\060\004\075\004\070\004\117}{section.2}% 4
\BOOKMARK [1][-]{section.3}{\376\377\004\043\004\100\004\076\004\062\004\065\004\075\004\114\000\040\004\077\004\065\004\100\004\065\004\064\004\060\004\107\004\070\000\040\004\064\004\060\004\075\004\075\004\113\004\105\000:\000\040\000E\000t\000h\000e\000r\000n\000e\000t}{}% 5
\BOOKMARK [2][-]{subsection.3.1}{\376\377\004\041\004\102\004\100\004\103\004\072\004\102\004\103\004\100\004\060\000\040\004\072\004\060\004\064\004\100\004\060\000\040\000E\000t\000h\000e\000r\000n\000e\000t\000\040\000I\000I}{section.3}% 6
\BOOKMARK [2][-]{subsection.3.2}{\376\377\000M\000A\000C\000-\004\060\004\064\004\100\004\065\004\101\004\060\004\106\004\070\004\117}{section.3}% 7
\BOOKMARK [1][-]{section.4}{\376\377\004\041\004\065\004\102\004\065\004\062\004\076\004\071\000\040\004\103\004\100\004\076\004\062\004\065\004\075\004\114\000:\000\040\000I\000P\000\040\000\050\000I\000n\000t\000e\000r\000n\000e\000t\000\040\000P\000r\000o\000t\000o\000c\000o\000l\000\051}{}% 8
\BOOKMARK [2][-]{subsection.4.1}{\376\377\000I\000P\000v\0004\000:\000\040\004\060\004\064\004\100\004\065\004\101\004\060\004\106\004\070\004\117\000\040\004\070\000\040\004\077\004\076\004\064\004\101\004\065\004\102\004\070}{section.4}% 9
\BOOKMARK [2][-]{subsection.4.2}{\376\377\004\037\004\076\004\073\004\065\000\040\000T\000T\000L\000\040\000\050\000T\000i\000m\000e\000\040\000t\000o\000\040\000L\000i\000v\000e\000\051}{section.4}% 10
\BOOKMARK [1][-]{section.5}{\376\377\004\042\004\100\004\060\004\075\004\101\004\077\004\076\004\100\004\102\004\075\004\113\004\071\000\040\004\103\004\100\004\076\004\062\004\065\004\075\004\114\000:\000\040\000T\000C\000P\000\040\004\070\000\040\000U\000D\000P}{}% 11
\BOOKMARK [2][-]{subsection.5.1}{\376\377\000U\000D\000P\000\040\000\050\000U\000s\000e\000r\000\040\000D\000a\000t\000a\000g\000r\000a\000m\000\040\000P\000r\000o\000t\000o\000c\000o\000l\000\051}{section.5}% 12
\BOOKMARK [2][-]{subsection.5.2}{\376\377\000T\000C\000P\000\040\000\050\000T\000r\000a\000n\000s\000m\000i\000s\000s\000i\000o\000n\000\040\000C\000o\000n\000t\000r\000o\000l\000\040\000P\000r\000o\000t\000o\000c\000o\000l\000\051}{section.5}% 13
\BOOKMARK [1][-]{section.6}{\376\377\004\020\004\061\004\101\004\102\004\100\004\060\004\072\004\106\004\070\004\117\000\040\004\101\004\076\004\072\004\065\004\102\004\060\000\040\004\070\000\040\004\101\004\070\004\101\004\102\004\065\004\074\004\075\004\113\004\071\000\040\004\062\004\113\004\067\004\076\004\062\000\040\000s\000o\000c\000k\000e\000t\000\050\000\051}{}% 14
\BOOKMARK [1][-]{section.7}{\376\377\004\040\004\065\004\060\004\073\004\070\004\067\004\060\004\106\004\070\004\117\000\040\000T\000C\000P\000-\004\072\004\073\004\070\004\065\004\075\004\102\004\060}{}% 15
\BOOKMARK [2][-]{subsection.7.1}{\376\377\004\020\004\064\004\100\004\065\004\101\004\060\004\106\004\070\004\117\000\040\004\070\000\040\004\077\004\076\004\100\004\117\004\064\004\076\004\072\000\040\004\061\004\060\004\071\004\102}{section.7}% 16
\BOOKMARK [2][-]{subsection.7.2}{\376\377\004\043\004\101\004\102\004\060\004\075\004\076\004\062\004\072\004\060\000\040\004\101\004\076\004\065\004\064\004\070\004\075\004\065\004\075\004\070\004\117}{section.7}% 17
\BOOKMARK [1][-]{section.8}{\376\377\004\040\004\065\004\060\004\073\004\070\004\067\004\060\004\106\004\070\004\117\000\040\000T\000C\000P\000-\004\101\004\065\004\100\004\062\004\065\004\100\004\060}{}% 18
\BOOKMARK [2][-]{subsection.8.1}{\376\377\004\026\004\070\004\067\004\075\004\065\004\075\004\075\004\113\004\071\000\040\004\106\004\070\004\072\004\073\000\040\004\101\004\065\004\100\004\062\004\065\004\100\004\075\004\076\004\063\004\076\000\040\004\101\004\076\004\072\004\065\004\102\004\060}{section.8}% 19
\BOOKMARK [1][-]{section.9}{\376\377\004\042\004\076\004\075\004\072\004\076\004\101\004\102\004\070\000\040\004\115\004\072\004\101\004\077\004\073\004\103\004\060\004\102\004\060\004\106\004\070\004\070\000\040\004\070\000\040\004\076\004\061\004\100\004\060\004\061\004\076\004\102\004\072\004\070\000\040\004\076\004\110\004\070\004\061\004\076\004\072}{}% 20
\BOOKMARK [2][-]{subsection.9.1}{\376\377\004\037\004\100\004\076\004\061\004\073\004\065\004\074\004\060\000\040\000T\000I\000M\000E\000\137\000W\000A\000I\000T\000\040\004\070\000\040\004\076\004\077\004\106\004\070\004\117\000\040\000S\000O\000\137\000R\000E\000U\000S\000E\000A\000D\000D\000R}{section.9}% 21
\BOOKMARK [2][-]{subsection.9.2}{\376\377\004\041\004\070\004\063\004\075\004\060\004\073\000\040\000S\000I\000G\000P\000I\000P\000E\000\040\004\070\000\040\000M\000S\000G\000\137\000N\000O\000S\000I\000G\000N\000A\000L}{section.9}% 22
\BOOKMARK [1][-]{section.10}{\376\377\004\022\004\070\004\067\004\103\004\060\004\073\004\070\004\067\004\060\004\106\004\070\004\117\000\040\004\062\004\067\004\060\004\070\004\074\004\076\004\064\004\065\004\071\004\101\004\102\004\062\004\070\004\117}{}% 23
\BOOKMARK [1][-]{section.11}{\376\377\004\037\004\100\004\076\004\061\004\073\004\065\004\074\004\060\000\040\004\074\004\060\004\101\004\110\004\102\004\060\004\061\004\070\004\100\004\103\004\065\004\074\004\076\004\101\004\102\004\070\000:\000\040\000T\000h\000r\000e\000a\000d\000-\000p\000e\000r\000-\000c\000o\000n\000n\000e\000c\000t\000i\000o\000n}{}% 24
\BOOKMARK [1][-]{section.12}{\376\377\004\035\004\065\004\061\004\073\004\076\004\072\004\070\004\100\004\103\004\116\004\111\004\070\004\071\000\040\004\062\004\062\004\076\004\064\000-\004\062\004\113\004\062\004\076\004\064\000\040\004\070\000\040\004\076\004\110\004\070\004\061\004\072\004\060\000\040\000E\000A\000G\000A\000I\000N}{}% 25
\BOOKMARK [1][-]{section.13}{\376\377\004\055\004\062\004\076\004\073\004\116\004\106\004\070\004\117\000\040\004\074\004\103\004\073\004\114\004\102\004\070\004\077\004\073\004\065\004\072\004\101\004\070\004\100\004\076\004\062\004\060\004\075\004\070\004\117\000:\000\040\004\076\004\102\000\040\000s\000e\000l\000e\000c\000t\000\040\004\064\004\076\000\040\000e\000p\000o\000l\000l}{}% 26
\BOOKMARK [1][-]{section.14}{\376\377\004\041\004\070\004\101\004\102\004\065\004\074\004\075\004\113\004\071\000\040\004\070\004\075\004\102\004\065\004\100\004\104\004\065\004\071\004\101\000\040\000e\000p\000o\000l\000l}{}% 27
\BOOKMARK [2][-]{subsection.14.1}{\376\377\004\043\004\077\004\100\004\060\004\062\004\073\004\065\004\075\004\070\004\065\000\040\004\070\004\075\004\102\004\065\004\100\004\065\004\101\004\060\004\074\004\070\000:\000\040\000e\000p\000o\000l\000l\000\137\000c\000t\000l\000\050\000\051}{section.14}% 28
\BOOKMARK [2][-]{subsection.14.2}{\376\377\004\036\004\066\004\070\004\064\004\060\004\075\004\070\004\065\000\040\004\101\004\076\004\061\004\113\004\102\004\070\004\071\000:\000\040\000e\000p\000o\000l\000l\000\137\000w\000a\000i\000t\000\050\000\051}{section.14}% 29
\BOOKMARK [1][-]{section.15}{\376\377\004\020\004\100\004\105\004\070\004\102\004\065\004\072\004\102\004\103\004\100\004\060\000\040\000E\000v\000e\000n\000t\000\040\000L\000o\000o\000p}{}% 30
\BOOKMARK [1][-]{section.16}{\376\377\004\030\004\075\004\062\004\065\004\100\004\101\004\070\004\117\000\040\004\103\004\077\004\100\004\060\004\062\004\073\004\065\004\075\004\070\004\117\000\040\004\070\000\040\004\074\004\060\004\110\004\070\004\075\004\113\000\040\004\101\004\076\004\101\004\102\004\076\004\117\004\075\004\070\004\071}{}% 31
\BOOKMARK [1][-]{section.17}{\376\377\004\041\004\073\004\103\004\066\004\061\004\060\000\040\004\064\004\076\004\074\004\065\004\075\004\075\004\113\004\105\000\040\004\070\004\074\004\065\004\075\000\040\000\050\000D\000N\000S\000\051}{}% 32
\BOOKMARK [1][-]{section.18}{\376\377\004\034\004\060\004\100\004\110\004\100\004\103\004\102\004\070\004\067\004\060\004\106\004\070\004\117\000\040\004\075\004\060\000\040\004\077\004\100\004\070\004\072\004\073\004\060\004\064\004\075\004\076\004\074\000\040\004\103\004\100\004\076\004\062\004\075\004\065\000\040\000\050\000L\0007\000\040\000P\000r\000o\000x\000y\000\051}{}% 33
\BOOKMARK [1][-]{section.19}{\376\377\004\055\004\102\004\060\004\073\004\076\004\075\004\075\004\060\004\117\000\040\004\074\004\076\004\064\004\065\004\073\004\114\000\040\000O\000S\000I}{}% 34
\BOOKMARK [1][-]{section.20}{\376\377\004\055\004\062\004\076\004\073\004\116\004\106\004\070\004\117\000\040\004\077\004\100\004\076\004\102\004\076\004\072\004\076\004\073\004\076\004\062\000:\000\040\000H\000T\000T\000P\000/\0003\000\040\004\070\000\040\000Q\000U\000I\000C}{}% 35
\BOOKMARK [1][-]{section.21}{\376\377\004\027\004\060\004\072\004\073\004\116\004\107\004\065\004\075\004\070\004\065\000\040\004\072\004\103\004\100\004\101\004\060}{}% 36
