\BOOKMARK [1][-]{section.1}{\376\377\004\022\004\062\004\065\004\064\004\065\004\075\004\070\004\065\000:\000\040\004\041\004\070\004\063\004\075\004\060\004\073\004\113\000\040\004\070\000\040\004\075\004\060\004\061\004\073\004\116\004\064\004\060\004\065\004\074\004\113\004\071\000\040\004\077\004\060\004\100\004\060\004\073\004\073\004\065\004\073\004\070\004\067\004\074}{}% 1
\BOOKMARK [2][-]{subsection.1.1}{\376\377\004\035\004\060\004\061\004\073\004\116\004\064\004\060\004\065\004\074\004\113\004\071\000\040\004\077\004\060\004\100\004\060\004\073\004\073\004\065\004\073\004\070\004\067\004\074\000\040\004\070\000\040\004\072\004\062\004\060\004\075\004\102\004\076\004\062\004\060\004\075\004\070\004\065}{section.1}% 2
\BOOKMARK [1][-]{section.2}{\376\377\004\020\004\077\004\077\004\060\004\100\004\060\004\102\004\075\004\060\004\117\000\040\004\077\004\076\004\064\004\064\004\065\004\100\004\066\004\072\004\060\000\040\004\074\004\075\004\076\004\063\004\076\004\077\004\076\004\102\004\076\004\107\004\075\004\076\004\101\004\102\004\070}{}% 3
\BOOKMARK [2][-]{subsection.2.1}{\376\377\000H\000y\000p\000e\000r\000-\000t\000h\000r\000e\000a\000d\000i\000n\000g}{section.2}% 4
\BOOKMARK [2][-]{subsection.2.2}{\376\377\004\037\004\100\004\070\004\062\004\117\004\067\004\072\004\060\000\040\004\072\000\040\004\117\004\064\004\100\004\060\004\074\000\040\000\050\000C\000P\000U\000\040\000A\000f\000f\000i\000n\000i\000t\000y\000\051}{section.2}% 5
\BOOKMARK [2][-]{subsection.2.3}{\376\377\004\027\004\060\004\072\004\076\004\075\000\040\004\020\004\074\004\064\004\060\004\073\004\060}{section.2}% 6
\BOOKMARK [1][-]{section.3}{\376\377\000T\000h\000r\000e\000a\000d\000\040\000S\000a\000f\000e\000t\000y\000\040\000\050\004\037\004\076\004\102\004\076\004\072\004\076\004\061\004\065\004\067\004\076\004\077\004\060\004\101\004\075\004\076\004\101\004\102\004\114\000\051}{}% 7
\BOOKMARK [2][-]{subsection.3.1}{\376\377\004\032\004\076\004\075\004\102\004\100\004\060\004\072\004\102\004\113\000\040\004\101\004\102\004\060\004\075\004\064\004\060\004\100\004\102\004\075\004\076\004\071\000\040\004\061\004\070\004\061\004\073\004\070\004\076\004\102\004\065\004\072\004\070\000\040\000C\000+\000+}{section.3}% 8
\BOOKMARK [2][-]{subsection.3.2}{\376\377\004\041\004\062\004\076\004\061\004\076\004\064\004\075\004\113\004\065\000\040\004\104\004\103\004\075\004\072\004\106\004\070\004\070}{section.3}% 9
\BOOKMARK [1][-]{section.4}{\376\377\004\037\004\100\004\070\004\074\004\070\004\102\004\070\004\062\004\113\000\040\004\101\004\070\004\075\004\105\004\100\004\076\004\075\004\070\004\067\004\060\004\106\004\070\004\070}{}% 10
\BOOKMARK [2][-]{subsection.4.1}{\376\377\004\041\004\065\004\074\004\060\004\104\004\076\004\100\000\040\000\050\000S\000e\000m\000a\000p\000h\000o\000r\000e\000\051}{section.4}% 11
\BOOKMARK [2][-]{subsection.4.2}{\376\377\000R\000W\000L\000o\000c\000k\000\040\000\050\000R\000e\000a\000d\000-\000W\000r\000i\000t\000e\000\040\000L\000o\000c\000k\000\051}{section.4}% 12
\BOOKMARK [2][-]{subsection.4.3}{\376\377\004\021\004\060\004\100\004\114\004\065\004\100\000\040\000\050\000B\000a\000r\000r\000i\000e\000r\000\051}{section.4}% 13
\BOOKMARK [1][-]{section.5}{\376\377\000T\000h\000r\000e\000a\000d\000\040\000L\000o\000c\000a\000l\000\040\000S\000t\000o\000r\000a\000g\000e\000\040\000\050\000T\000L\000S\000\051}{}% 14
\BOOKMARK [1][-]{section.6}{\376\377\000S\000h\000a\000r\000e\000d\000\040\000P\000o\000i\000n\000t\000e\000r\000\040\004\070\000\040\004\061\004\065\004\067\004\076\004\077\004\060\004\101\004\075\004\076\004\101\004\102\004\114}{}% 15
\BOOKMARK [1][-]{section.7}{\376\377\004\020\004\102\004\076\004\074\004\070\004\072\004\070\000\040\004\070\000\040\004\074\004\076\004\064\004\065\004\073\004\114\000\040\004\077\004\060\004\074\004\117\004\102\004\070}{}% 16
\BOOKMARK [2][-]{subsection.7.1}{\376\377\000C\000o\000m\000p\000a\000r\000e\000-\000A\000n\000d\000-\000S\000w\000a\000p\000\040\000\050\000C\000A\000S\000\051}{section.7}% 17
\BOOKMARK [1][-]{section.8}{\376\377\004\032\004\115\004\110\004\070\000\040\004\070\000\040\004\072\004\076\004\063\004\065\004\100\004\065\004\075\004\102\004\075\004\076\004\101\004\102\004\114}{}% 18
\BOOKMARK [2][-]{subsection.8.1}{\376\377\004\030\004\065\004\100\004\060\004\100\004\105\004\070\004\117\000\040\004\077\004\060\004\074\004\117\004\102\004\070\000\040\004\070\000\040\004\077\004\100\004\076\004\102\004\076\004\072\004\076\004\073\000\040\000M\000E\000S\000I}{section.8}% 19
\BOOKMARK [2][-]{subsection.8.2}{\376\377\000F\000a\000l\000s\000e\000\040\000S\000h\000a\000r\000i\000n\000g\000\040\000\050\004\033\004\076\004\066\004\075\004\076\004\065\000\040\004\100\004\060\004\067\004\064\004\065\004\073\004\065\004\075\004\070\004\065\000\051}{section.8}% 20
\BOOKMARK [1][-]{section.9}{\376\377\004\037\004\100\004\076\004\106\004\065\004\101\004\101\004\113\000\040\004\070\000\040\000F\000o\000r\000k\000\040\004\062\000\040\004\074\004\075\004\076\004\063\004\076\004\077\004\076\004\102\004\076\004\107\004\075\004\076\004\071\000\040\004\101\004\100\004\065\004\064\004\065}{}% 21
\BOOKMARK [1][-]{section.10}{\376\377\000F\000u\000t\000e\000x\000\040\000\050\000F\000a\000s\000t\000\040\000U\000s\000e\000r\000s\000p\000a\000c\000e\000\040\000M\000u\000t\000e\000x\000\051}{}% 22
