\BOOKMARK [0][-]{chapter.1}{\376\377\0001\000\040\004\033\004\065\004\072\004\106\004\070\004\117}{}% 1
\BOOKMARK [1][-]{section.1.1}{\376\377\004\022\004\062\004\065\004\064\004\065\004\075\004\070\004\065\000\040\004\070\000\040\004\076\004\100\004\063\004\060\004\075\004\070\004\067\004\060\004\106\004\070\004\076\004\075\004\075\004\113\004\065\000\040\004\074\004\076\004\074\004\065\004\075\004\102\004\113}{chapter.1}% 2
\BOOKMARK [2][-]{subsection.1.1.1}{\376\377\004\044\004\076\004\100\004\074\004\103\004\073\004\060\000\040\004\076\004\106\004\065\004\075\004\072\004\070}{section.1.1}% 3
\BOOKMARK [2][-]{subsection.1.1.2}{\376\377\004\040\004\060\004\061\004\076\004\102\004\060\000\040\004\101\000\040\004\064\004\076\004\074\004\060\004\110\004\075\004\070\004\074\004\070\000\040\004\067\004\060\004\064\004\060\004\075\004\070\004\117\004\074\004\070}{section.1.1}% 4
\BOOKMARK [1][-]{section.1.2}{\376\377\004\027\004\060\004\107\004\065\004\074\000\040\004\075\004\103\004\066\004\075\004\060\000\040\004\076\004\077\004\065\004\100\004\060\004\106\004\070\004\076\004\075\004\075\004\060\004\117\000\040\004\101\004\070\004\101\004\102\004\065\004\074\004\060\000?}{chapter.1}% 5
\BOOKMARK [2][-]{subsection.1.2.1}{\376\377\004\037\004\100\004\076\004\061\004\073\004\065\004\074\004\060\000\040\004\077\004\100\004\117\004\074\004\076\004\063\004\076\000\040\004\064\004\076\004\101\004\102\004\103\004\077\004\060\000\040\004\072\000\040\004\076\004\061\004\076\004\100\004\103\004\064\004\076\004\062\004\060\004\075\004\070\004\116}{section.1.2}% 6
\BOOKMARK [2][-]{subsection.1.2.2}{\376\377\004\040\004\065\004\110\004\065\004\075\004\070\004\065\000:\000\040\004\076\004\077\004\065\004\100\004\060\004\106\004\070\004\076\004\075\004\075\004\060\004\117\000\040\004\101\004\070\004\101\004\102\004\065\004\074\004\060\000\040\004\072\004\060\004\072\000\040\004\060\004\061\004\101\004\102\004\100\004\060\004\072\004\106\004\070\004\117}{section.1.2}% 7
\BOOKMARK [1][-]{section.1.3}{\376\377\004\040\004\060\004\061\004\076\004\102\004\060\000\040\004\101\000\040\004\077\004\060\004\074\004\117\004\102\004\114\004\116\000\040\004\062\000\040\000C\000+\000+\000:\000\040\004\072\004\100\004\060\004\102\004\072\004\076\004\065\000\040\004\077\004\076\004\062\004\102\004\076\004\100\004\065\004\075\004\070\004\065}{chapter.1}% 8
\BOOKMARK [2][-]{subsection.1.3.1}{\376\377\004\033\004\070\004\075\004\065\004\071\004\075\004\076\000\040\004\060\004\064\004\100\004\065\004\101\004\103\004\065\004\074\004\060\004\117\000\040\004\077\004\060\004\074\004\117\004\102\004\114\000\040\004\070\000\040\004\103\004\072\004\060\004\067\004\060\004\102\004\065\004\073\004\070}{section.1.3}% 9
\BOOKMARK [2][-]{subsection.1.3.2}{\376\377\004\024\004\070\004\075\004\060\004\074\004\070\004\107\004\065\004\101\004\072\004\060\004\117\000\040\004\077\004\060\004\074\004\117\004\102\004\114}{section.1.3}% 10
\BOOKMARK [2][-]{subsection.1.3.3}{\376\377\004\040\004\060\004\067\004\064\004\065\004\073\004\065\004\075\004\070\004\065\000\040\004\060\004\073\004\073\004\076\004\072\004\060\004\106\004\070\004\070\000\040\004\070\000\040\004\072\004\076\004\075\004\101\004\102\004\100\004\103\004\070\004\100\004\076\004\062\004\060\004\075\004\070\004\117}{section.1.3}% 11
\BOOKMARK [2][-]{subsection.1.3.4}{\376\377\004\020\004\100\004\070\004\104\004\074\004\065\004\102\004\070\004\072\004\060\000\040\004\103\004\072\004\060\004\067\004\060\004\102\004\065\004\073\004\065\004\071}{section.1.3}% 12
\BOOKMARK [1][-]{section.1.4}{\376\377\004\022\004\067\004\060\004\070\004\074\004\076\004\064\004\065\004\071\004\101\004\102\004\062\004\070\004\065\000\040\004\101\000\040\004\036\004\041\000:\000\040\004\101\004\070\004\101\004\102\004\065\004\074\004\075\004\113\004\065\000\040\004\062\004\113\004\067\004\076\004\062\004\113}{chapter.1}% 13
\BOOKMARK [2][-]{subsection.1.4.1}{\376\377\004\041\004\070\004\101\004\102\004\065\004\074\004\075\004\113\004\071\000\040\004\062\004\113\004\067\004\076\004\062\000\040\000r\000e\000a\000d}{section.1.4}% 14
\BOOKMARK [2][-]{subsection.1.4.2}{\376\377\004\041\004\070\004\101\004\102\004\065\004\074\004\075\004\113\004\071\000\040\004\062\004\113\004\067\004\076\004\062\000\040\000w\000r\000i\000t\000e}{section.1.4}% 15
\BOOKMARK [2][-]{subsection.1.4.3}{\376\377\004\036\004\061\004\100\004\060\004\061\004\076\004\102\004\072\004\060\000\040\004\076\004\110\004\070\004\061\004\076\004\072\000\040\004\070\000\040\004\107\004\060\004\101\004\102\004\070\004\107\004\075\004\113\004\105\000\040\004\076\004\077\004\065\004\100\004\060\004\106\004\070\004\071}{section.1.4}% 16
\BOOKMARK [1][-]{section.1.5}{\376\377\004\040\004\060\004\061\004\076\004\102\004\060\000\040\004\101\000\040\004\104\004\060\004\071\004\073\004\060\004\074\004\070}{chapter.1}% 17
\BOOKMARK [2][-]{subsection.1.5.1}{\376\377\004\041\004\070\004\101\004\102\004\065\004\074\004\075\004\113\004\065\000\040\004\062\004\113\004\067\004\076\004\062\004\113\000\040\000o\000p\000e\000n\000\040\004\070\000\040\000c\000l\000o\000s\000e}{section.1.5}% 18
\BOOKMARK [2][-]{subsection.1.5.2}{\376\377\004\037\004\100\004\070\004\074\004\065\004\100\000\040\004\107\004\102\004\065\004\075\004\070\004\117\000\040\004\070\004\067\000\040\004\104\004\060\004\071\004\073\004\060}{section.1.5}% 19
\BOOKMARK [0][-]{chapter.2}{\376\377\0002\000\040\004\033\004\065\004\072\004\106\004\070\004\117}{}% 20
\BOOKMARK [1][-]{section.2.1}{\376\377\004\022\004\067\004\060\004\070\004\074\004\076\004\064\004\065\004\071\004\101\004\102\004\062\004\070\004\065\000\040\004\101\000\040\004\075\004\076\004\101\004\070\004\102\004\065\004\073\004\117\004\074\004\070\000\040\004\070\004\075\004\104\004\076\004\100\004\074\004\060\004\106\004\070\004\070}{chapter.2}% 21
\BOOKMARK [2][-]{subsection.2.1.1}{\376\377\004\037\004\076\004\107\004\065\004\074\004\103\000\040\004\075\004\065\000\040\004\100\004\060\004\061\004\076\004\102\004\060\004\102\004\114\000\040\004\101\000\040\004\064\004\070\004\101\004\072\004\076\004\074\000\040\004\075\004\060\004\077\004\100\004\117\004\074\004\103\004\116\000?}{section.2.1}% 22
\BOOKMARK [1][-]{section.2.2}{\376\377\004\037\004\100\004\060\004\062\004\060\000\040\004\064\004\076\004\101\004\102\004\103\004\077\004\060\000\040\004\062\000\040\000L\000i\000n\000u\000x}{chapter.2}% 23
\BOOKMARK [2][-]{subsection.2.2.1}{\376\377\004\047\004\102\004\065\004\075\004\070\004\065\000\040\004\062\004\113\004\062\004\076\004\064\004\060\000\040\000l\000s\000\040\000-\000l}{section.2.2}% 24
\BOOKMARK [2][-]{subsection.2.2.2}{\376\377\004\037\004\076\004\073\004\114\004\067\004\076\004\062\004\060\004\102\004\065\004\073\004\114\000,\000\040\004\063\004\100\004\103\004\077\004\077\004\060\000\040\004\070\000\040\004\076\004\101\004\102\004\060\004\073\004\114\004\075\004\113\004\065}{section.2.2}% 25
\BOOKMARK [2][-]{subsection.2.2.3}{\376\377\004\032\004\076\004\074\004\060\004\075\004\064\004\060\000\040\000c\000h\000m\000o\000d}{section.2.2}% 26
\BOOKMARK [1][-]{section.2.3}{\376\377\004\044\004\060\004\071\004\073\004\076\004\062\004\113\004\065\000\040\004\064\004\065\004\101\004\072\004\100\004\070\004\077\004\102\004\076\004\100\004\113\000\040\004\070\000\040\004\101\004\070\004\101\004\102\004\065\004\074\004\075\004\113\004\065\000\040\004\062\004\113\004\067\004\076\004\062\004\113}{chapter.2}% 27
\BOOKMARK [2][-]{subsection.2.3.1}{\376\377\004\041\004\070\004\101\004\102\004\065\004\074\004\075\004\113\004\071\000\040\004\062\004\113\004\067\004\076\004\062\000\040\000o\000p\000e\000n}{section.2.3}% 28
\BOOKMARK [2][-]{subsection.2.3.2}{\376\377\004\041\004\102\004\100\004\103\004\072\004\102\004\103\004\100\004\060\000\040\004\076\004\102\004\072\004\100\004\113\004\102\004\076\004\063\004\076\000\040\004\104\004\060\004\071\004\073\004\060\000\040\004\062\000\040\004\117\004\064\004\100\004\065}{section.2.3}% 29
\BOOKMARK [2][-]{subsection.2.3.3}{\376\377\004\024\004\100\004\103\004\063\004\070\004\065\000\040\004\062\004\060\004\066\004\075\004\113\004\065\000\040\004\101\004\070\004\101\004\102\004\065\004\074\004\075\004\113\004\065\000\040\004\062\004\113\004\067\004\076\004\062\004\113}{section.2.3}% 30
\BOOKMARK [1][-]{section.2.4}{\376\377\004\037\004\100\004\060\004\072\004\102\004\070\004\072\004\060\000:\000\040\004\037\004\065\004\100\004\065\004\075\004\060\004\077\004\100\004\060\004\062\004\073\004\065\004\075\004\070\004\065\000\040\004\062\004\062\004\076\004\064\004\060\000-\004\062\004\113\004\062\004\076\004\064\004\060}{chapter.2}% 31
\BOOKMARK [1][-]{section.2.5}{\376\377\004\040\004\060\004\061\004\076\004\102\004\060\000\040\004\101\000\040\004\064\004\070\004\100\004\065\004\072\004\102\004\076\004\100\004\070\004\117\004\074\004\070}{chapter.2}% 32
\BOOKMARK [0][-]{chapter.3}{\376\377\0003\000\040\004\033\004\065\004\072\004\106\004\070\004\117}{}% 33
\BOOKMARK [1][-]{section.3.1}{\376\377\004\024\004\076\004\077\004\076\004\073\004\075\004\070\004\102\004\065\004\073\004\114\004\075\004\113\004\065\000\040\004\070\004\075\004\101\004\102\004\100\004\103\004\074\004\065\004\075\004\102\004\113\000\040\004\064\004\073\004\117\000\040\004\100\004\060\004\061\004\076\004\102\004\113\000\040\004\101\000\040\004\104\004\060\004\071\004\073\004\076\004\062\004\076\004\071\000\040\004\101\004\070\004\101\004\102\004\065\004\074\004\076\004\071}{chapter.3}% 34
\BOOKMARK [2][-]{subsection.3.1.1}{\376\377\004\035\004\076\004\062\004\113\004\065\000\040\004\104\004\073\004\060\004\063\004\070\000\040\004\064\004\073\004\117\000\040\004\101\004\070\004\101\004\102\004\065\004\074\004\075\004\076\004\063\004\076\000\040\004\062\004\113\004\067\004\076\004\062\004\060\000\040\000o\000p\000e\000n}{section.3.1}% 35
\BOOKMARK [2][-]{subsection.3.1.2}{\376\377\004\037\004\076\004\073\004\103\004\107\004\065\004\075\004\070\004\065\000\040\004\074\004\065\004\102\004\060\004\064\004\060\004\075\004\075\004\113\004\105\000\040\004\076\000\040\004\104\004\060\004\071\004\073\004\060\004\105\000:\000\040\004\101\004\065\004\074\004\065\004\071\004\101\004\102\004\062\004\076\000\040\000s\000t\000a\000t}{section.3.1}% 36
\BOOKMARK [1][-]{section.3.2}{\376\377\004\043\004\077\004\100\004\060\004\062\004\073\004\065\004\075\004\070\004\065\000\040\004\077\004\060\004\074\004\117\004\102\004\114\004\116\000:\000\040\004\062\004\070\004\100\004\102\004\103\004\060\004\073\004\114\004\075\004\060\004\117\000\040\004\060\004\064\004\100\004\065\004\101\004\060\004\106\004\070\004\117}{chapter.3}% 37
\BOOKMARK [2][-]{subsection.3.2.1}{\376\377\004\037\004\100\004\076\004\061\004\073\004\065\004\074\004\060\000\040\004\074\004\076\004\064\004\065\004\073\004\070\000\040\004\073\004\070\004\075\004\065\004\071\004\075\004\076\004\071\000\040\004\077\004\060\004\074\004\117\004\102\004\070}{section.3.2}% 38
\BOOKMARK [2][-]{subsection.3.2.2}{\376\377\004\022\004\070\004\100\004\102\004\103\004\060\004\073\004\114\004\075\004\060\004\117\000\040\004\070\000\040\004\104\004\070\004\067\004\070\004\107\004\065\004\101\004\072\004\060\004\117\000\040\004\077\004\060\004\074\004\117\004\102\004\114}{section.3.2}% 39
\BOOKMARK [2][-]{subsection.3.2.3}{\376\377\004\041\004\102\004\100\004\060\004\075\004\070\004\107\004\075\004\060\004\117\000\040\004\076\004\100\004\063\004\060\004\075\004\070\004\067\004\060\004\106\004\070\004\117\000\040\004\077\004\060\004\074\004\117\004\102\004\070}{section.3.2}% 40
\BOOKMARK [1][-]{section.3.3}{\376\377\004\041\004\070\004\101\004\102\004\065\004\074\004\075\004\113\004\065\000\040\004\062\004\113\004\067\004\076\004\062\004\113\000\040\004\064\004\073\004\117\000\040\004\103\004\077\004\100\004\060\004\062\004\073\004\065\004\075\004\070\004\117\000\040\004\077\004\060\004\074\004\117\004\102\004\114\004\116\000:\000\040\000m\000m\000a\000p}{chapter.3}% 41
\BOOKMARK [2][-]{subsection.3.3.1}{\376\377\004\020\004\100\004\063\004\103\004\074\004\065\004\075\004\102\004\113\000\040\004\070\000\040\004\104\004\073\004\060\004\063\004\070\000\040\000m\000m\000a\000p}{section.3.3}% 42
\BOOKMARK [2][-]{subsection.3.3.2}{\376\377\004\037\004\100\004\070\004\074\004\065\004\100\004\113\000\040\004\070\004\101\004\077\004\076\004\073\004\114\004\067\004\076\004\062\004\060\004\075\004\070\004\117\000\040\000m\000m\000a\000p}{section.3.3}% 43
\BOOKMARK [2][-]{subsection.3.3.3}{\376\377\004\036\004\101\004\062\004\076\004\061\004\076\004\066\004\064\004\065\004\075\004\070\004\065\000\040\004\077\004\060\004\074\004\117\004\102\004\070\000:\000\040\000m\000u\000n\000m\000a\000p}{section.3.3}% 44
\BOOKMARK [1][-]{section.3.4}{\376\377\004\020\004\100\004\063\004\103\004\074\004\065\004\075\004\102\004\113\000\040\004\072\004\076\004\074\004\060\004\075\004\064\004\075\004\076\004\071\000\040\004\101\004\102\004\100\004\076\004\072\004\070\000\040\004\070\000\040\004\077\004\065\004\100\004\065\004\074\004\065\004\075\004\075\004\113\004\065\000\040\004\076\004\072\004\100\004\103\004\066\004\065\004\075\004\070\004\117}{chapter.3}% 45
\BOOKMARK [2][-]{subsection.3.4.1}{\376\377\004\020\004\100\004\063\004\103\004\074\004\065\004\075\004\102\004\113\000\040\004\072\004\076\004\074\004\060\004\075\004\064\004\075\004\076\004\071\000\040\004\101\004\102\004\100\004\076\004\072\004\070}{section.3.4}% 46
\BOOKMARK [2][-]{subsection.3.4.2}{\376\377\004\037\004\065\004\100\004\065\004\074\004\065\004\075\004\075\004\113\004\065\000\040\004\076\004\072\004\100\004\103\004\066\004\065\004\075\004\070\004\117}{section.3.4}% 47
\BOOKMARK [0][-]{chapter.4}{\376\377\0004\000\040\004\033\004\065\004\072\004\106\004\070\004\117}{}% 48
\BOOKMARK [1][-]{section.4.1}{\376\377\004\043\004\063\004\073\004\103\004\061\004\073\004\121\004\075\004\075\004\060\004\117\000\040\004\100\004\060\004\061\004\076\004\102\004\060\000\040\004\101\000\040\004\077\004\060\004\074\004\117\004\102\004\114\004\116}{chapter.4}% 49
\BOOKMARK [2][-]{subsection.4.1.1}{\376\377\004\034\004\065\004\105\004\060\004\075\004\070\004\067\004\074\000\040\000P\000a\000g\000e\000\040\000F\000a\000u\000l\000t\000\040\004\070\000\040\004\073\004\065\004\075\004\070\004\062\004\076\004\065\000\040\004\062\004\113\004\064\004\065\004\073\004\065\004\075\004\070\004\065\000\040\004\077\004\060\004\074\004\117\004\102\004\070}{section.4.1}% 50
\BOOKMARK [2][-]{subsection.4.1.2}{\376\377\004\041\004\102\004\100\004\103\004\072\004\102\004\103\004\100\004\060\000\040\004\102\004\060\004\061\004\073\004\070\004\106\000\040\004\101\004\102\004\100\004\060\004\075\004\070\004\106\000\040\000\050\000P\000a\000g\000e\000\040\000T\000a\000b\000l\000e\000s\000\051}{section.4.1}% 51
\BOOKMARK [2][-]{subsection.4.1.3}{\376\377\004\024\004\076\004\077\004\076\004\073\004\075\004\070\004\102\004\065\004\073\004\114\004\075\004\113\004\065\000\040\004\101\004\070\004\101\004\102\004\065\004\074\004\075\004\113\004\065\000\040\004\062\004\113\004\067\004\076\004\062\004\113\000\040\004\064\004\073\004\117\000\040\004\100\004\060\004\061\004\076\004\102\004\113\000\040\004\101\000\040\004\077\004\060\004\074\004\117\004\102\004\114\004\116}{section.4.1}% 52
\BOOKMARK [2][-]{subsection.4.1.4}{\376\377\000S\000w\000a\000p\000\040\000\050\004\101\004\062\004\076\004\077\000\051\000\040\004\070\000\040\004\065\004\063\004\076\000\040\004\077\004\100\004\076\004\061\004\073\004\065\004\074\004\113}{section.4.1}% 53
\BOOKMARK [1][-]{section.4.2}{\376\377\004\043\004\077\004\100\004\060\004\062\004\073\004\065\004\075\004\070\004\065\000\040\004\077\004\100\004\076\004\106\004\065\004\101\004\101\004\060\004\074\004\070}{chapter.4}% 54
\BOOKMARK [2][-]{subsection.4.2.1}{\376\377\004\037\004\076\004\064\004\074\004\065\004\075\004\060\000\040\004\077\004\100\004\076\004\106\004\065\004\101\004\101\004\060\000:\000\040\004\101\004\065\004\074\004\065\004\071\004\101\004\102\004\062\004\076\000\040\000e\000x\000e\000c}{section.4.2}% 55
\BOOKMARK [2][-]{subsection.4.2.2}{\376\377\004\041\004\076\004\067\004\064\004\060\004\075\004\070\004\065\000\040\004\077\004\100\004\076\004\106\004\065\004\101\004\101\004\060\000:\000\040\000f\000o\000r\000k}{section.4.2}% 56
\BOOKMARK [2][-]{subsection.4.2.3}{\376\377\004\026\004\070\004\067\004\075\004\065\004\075\004\075\004\113\004\071\000\040\004\106\004\070\004\072\004\073\000\040\004\077\004\100\004\076\004\106\004\065\004\101\004\101\004\060}{section.4.2}% 57
\BOOKMARK [2][-]{subsection.4.2.4}{\376\377\004\037\004\060\004\102\004\102\004\065\004\100\004\075\000\040\000f\000o\000r\000k\000-\000e\000x\000e\000c}{section.4.2}% 58
\BOOKMARK [1][-]{section.4.3}{\376\377\004\034\004\065\004\066\004\077\004\100\004\076\004\106\004\065\004\101\004\101\004\075\004\076\004\065\000\040\004\062\004\067\004\060\004\070\004\074\004\076\004\064\004\065\004\071\004\101\004\102\004\062\004\070\004\065\000:\000\040\000P\000i\000p\000e\000l\000i\000n\000e\000s}{chapter.4}% 59
\BOOKMARK [0][-]{chapter.5}{\376\377\0005\000\040\004\033\004\065\004\072\004\106\004\070\004\117}{}% 60
\BOOKMARK [1][-]{section.5.1}{\376\377\004\043\004\077\004\100\004\060\004\062\004\073\004\065\004\075\004\070\004\065\000\040\004\077\004\100\004\076\004\106\004\065\004\101\004\101\004\060\004\074\004\070\000:\000\040\004\063\004\100\004\103\004\077\004\077\004\113\000\040\004\070\000\040\004\101\004\070\004\063\004\075\004\060\004\073\004\113}{chapter.5}% 61
\BOOKMARK [2][-]{subsection.5.1.1}{\376\377\004\023\004\100\004\103\004\077\004\077\004\113\000\040\004\077\004\100\004\076\004\106\004\065\004\101\004\101\004\076\004\062\000\040\000\050\000P\000r\000o\000c\000e\000s\000s\000\040\000G\000r\000o\000u\000p\000s\000\051}{section.5.1}% 62
\BOOKMARK [2][-]{subsection.5.1.2}{\376\377\004\041\004\070\004\063\004\075\004\060\004\073\004\113\000\040\000\050\000S\000i\000g\000n\000a\000l\000s\000\051}{section.5.1}% 63
\BOOKMARK [2][-]{subsection.5.1.3}{\376\377\004\036\004\102\004\077\004\100\004\060\004\062\004\072\004\060\000\040\004\101\004\070\004\063\004\075\004\060\004\073\004\076\004\062\000\040\004\070\000\040\004\076\004\066\004\070\004\064\004\060\004\075\004\070\004\065\000\040\004\077\004\100\004\076\004\106\004\065\004\101\004\101\004\076\004\062}{section.5.1}% 64
\BOOKMARK [2][-]{subsection.5.1.4}{\376\377\004\043\004\077\004\100\004\060\004\062\004\073\004\065\004\075\004\070\004\065\000\040\004\077\004\060\004\074\004\117\004\102\004\114\004\116\000\040\004\077\004\100\004\070\000\040\000f\000o\000r\000k\000\050\000\051}{section.5.1}% 65
\BOOKMARK [1][-]{section.5.2}{\376\377\004\037\004\100\004\065\004\064\004\101\004\102\004\060\004\062\004\073\004\065\004\075\004\070\004\065\000\040\004\064\004\060\004\075\004\075\004\113\004\105}{chapter.5}% 66
\BOOKMARK [2][-]{subsection.5.2.1}{\376\377\004\042\004\065\004\072\004\101\004\102\004\076\004\062\004\113\004\065\000\040\004\070\000\040\004\061\004\070\004\075\004\060\004\100\004\075\004\113\004\065\000\040\004\104\004\076\004\100\004\074\004\060\004\102\004\113}{section.5.2}% 67
\BOOKMARK [2][-]{subsection.5.2.2}{\376\377\004\032\004\076\004\064\004\070\004\100\004\076\004\062\004\072\004\070\000\040\004\102\004\065\004\072\004\101\004\102\004\060\000:\000\040\004\076\004\102\000\040\000A\000S\000C\000I\000I\000\040\004\064\004\076\000\040\000U\000n\000i\000c\000o\000d\000e}{section.5.2}% 68
\BOOKMARK [2][-]{subsection.5.2.3}{\376\377\000U\000n\000i\000c\000o\000d\000e\000\040\004\070\000\040\004\065\004\063\004\076\000\040\004\072\004\076\004\064\004\070\004\100\004\076\004\062\004\072\004\070}{section.5.2}% 69
\BOOKMARK [2][-]{subsection.5.2.4}{\376\377\004\040\004\060\004\061\004\076\004\102\004\060\000\040\004\101\000\040\000U\000n\000i\000c\000o\000d\000e\000\040\004\062\000\040\000C\000/\000C\000+\000+}{section.5.2}% 70
\BOOKMARK [0][-]{chapter.6}{\376\377\0006\000\040\004\033\004\065\004\072\004\106\004\070\004\117}{}% 71
\BOOKMARK [1][-]{section.6.1}{\376\377\004\037\004\100\004\065\004\064\004\101\004\102\004\060\004\062\004\073\004\065\004\075\004\070\004\065\000\040\004\106\004\065\004\073\004\113\004\105\000\040\004\107\004\070\004\101\004\065\004\073}{chapter.6}% 72
\BOOKMARK [2][-]{subsection.6.1.1}{\376\377\004\021\004\065\004\067\004\067\004\075\004\060\004\072\004\076\004\062\004\113\004\065\000\040\004\107\004\070\004\101\004\073\004\060}{section.6.1}% 73
\BOOKMARK [2][-]{subsection.6.1.2}{\376\377\004\027\004\075\004\060\004\072\004\076\004\062\004\113\004\065\000\040\004\107\004\070\004\101\004\073\004\060\000:\000\040\004\037\004\100\004\117\004\074\004\076\004\071\000\040\004\072\004\076\004\064\000\040\000\050\000S\000i\000g\000n\000-\000M\000a\000g\000n\000i\000t\000u\000d\000e\000\051}{section.6.1}% 74
\BOOKMARK [2][-]{subsection.6.1.3}{\376\377\004\027\004\075\004\060\004\072\004\076\004\062\004\113\004\065\000\040\004\107\004\070\004\101\004\073\004\060\000:\000\040\004\024\004\076\004\077\004\076\004\073\004\075\004\117\004\116\004\111\004\070\004\071\000\040\004\072\004\076\004\064\000\040\000\050\000T\000w\000o\000'\000s\000\040\000C\000o\000m\000p\000l\000e\000m\000e\000n\000t\000\051}{section.6.1}% 75
\BOOKMARK [1][-]{section.6.2}{\376\377\004\022\004\113\004\100\004\060\004\062\004\075\004\070\004\062\004\060\004\075\004\070\004\065\000\040\004\064\004\060\004\075\004\075\004\113\004\105\000\040\004\062\000\040\004\077\004\060\004\074\004\117\004\102\004\070}{chapter.6}% 76
\BOOKMARK [2][-]{subsection.6.2.1}{\376\377\004\027\004\060\004\107\004\065\004\074\000\040\004\075\004\103\004\066\004\075\004\076\000\040\004\062\004\113\004\100\004\060\004\062\004\075\004\070\004\062\004\060\004\075\004\070\004\065\000?}{section.6.2}% 77
\BOOKMARK [1][-]{section.6.3}{\376\377\004\037\004\100\004\076\004\106\004\065\004\101\004\101\000\040\004\101\004\061\004\076\004\100\004\072\004\070\000\040\004\077\004\100\004\076\004\063\004\100\004\060\004\074\004\074\004\113}{chapter.6}% 78
\BOOKMARK [2][-]{subsection.6.3.1}{\376\377\004\037\004\100\004\065\004\077\004\100\004\076\004\106\004\065\004\101\004\101\004\076\004\100\000\040\004\070\000\040\000\043\000i\000n\000c\000l\000u\000d\000e}{section.6.3}% 79
\BOOKMARK [2][-]{subsection.6.3.2}{\376\377\004\025\004\064\004\070\004\075\004\070\004\106\004\113\000\040\004\102\004\100\004\060\004\075\004\101\004\073\004\117\004\106\004\070\004\070\000\040\004\070\000\040\004\103\004\101\004\072\004\076\004\100\004\065\004\075\004\070\004\065\000\040\004\101\004\061\004\076\004\100\004\072\004\070}{section.6.3}% 80
\BOOKMARK [2][-]{subsection.6.3.3}{\376\377\004\036\004\061\004\112\004\065\004\072\004\102\004\075\004\113\004\065\000\040\004\104\004\060\004\071\004\073\004\113\000\040\004\070\000\040\004\101\004\070\004\074\004\062\004\076\004\073\004\113}{section.6.3}% 81
\BOOKMARK [2][-]{subsection.6.3.4}{\376\377\004\033\004\070\004\075\004\072\004\076\004\062\004\072\004\060\000\040\004\070\000\040\004\100\004\065\004\073\004\076\004\072\004\060\004\106\004\070\004\070}{section.6.3}% 82
\BOOKMARK [2][-]{subsection.6.3.5}{\376\377\004\044\004\076\004\100\004\074\004\060\004\102\000\040\000E\000L\000F}{section.6.3}% 83
\BOOKMARK [1][-]{section.6.4}{\376\377\004\036\004\101\004\076\004\061\004\065\004\075\004\075\004\076\004\101\004\102\004\070\000\040\000C\000+\000+\000:\000\040\004\030\004\074\004\065\004\075\004\060\000\040\004\070\000\040\004\077\004\065\004\100\004\065\004\074\004\065\004\075\004\075\004\113\004\065}{chapter.6}% 84
\BOOKMARK [2][-]{subsection.6.4.1}{\376\377\004\030\004\101\004\072\004\060\004\066\004\065\004\075\004\070\004\065\000\040\004\070\004\074\004\121\004\075\000\040\000\050\000N\000a\000m\000e\000\040\000M\000a\000n\000g\000l\000i\000n\000g\000\051}{section.6.4}% 85
\BOOKMARK [2][-]{subsection.6.4.2}{\376\377\000E\000x\000t\000e\000r\000n\000\040\000C}{section.6.4}% 86
\BOOKMARK [2][-]{subsection.6.4.3}{\376\377\004\023\004\073\004\076\004\061\004\060\004\073\004\114\004\075\004\113\004\065\000\040\004\077\004\065\004\100\004\065\004\074\004\065\004\075\004\075\004\113\004\065\000:\000\040\000e\000x\000t\000e\000r\000n\000\040\004\077\004\100\004\076\004\102\004\070\004\062\000\040\000s\000t\000a\000t\000i\000c}{section.6.4}% 87
\BOOKMARK [1][-]{section.6.5}{\376\377\004\036\004\101\004\075\004\076\004\062\004\113\000\040\004\060\004\101\004\101\004\065\004\074\004\061\004\073\004\065\004\100\004\060\000\040\004\070\000\040\004\060\004\100\004\105\004\070\004\102\004\065\004\072\004\102\004\103\004\100\004\113}{chapter.6}% 88
\BOOKMARK [2][-]{subsection.6.5.1}{\376\377\004\020\004\100\004\105\004\070\004\102\004\065\004\072\004\102\004\103\004\100\004\060\000\040\004\104\004\076\004\075\000\040\004\035\004\065\004\071\004\074\004\060\004\075\004\060}{section.6.5}% 89
\BOOKMARK [2][-]{subsection.6.5.2}{\376\377\004\040\004\065\004\063\004\070\004\101\004\102\004\100\004\113\000\040\004\070\000\040\004\077\004\060\004\074\004\117\004\102\004\114}{section.6.5}% 90
\BOOKMARK [2][-]{subsection.6.5.3}{\376\377\004\041\004\102\004\065\004\072\000\040\004\070\000\040\004\062\004\113\004\067\004\076\004\062\004\113\000\040\004\104\004\103\004\075\004\072\004\106\004\070\004\071}{section.6.5}% 91
\BOOKMARK [2][-]{subsection.6.5.4}{\376\377\004\041\004\076\004\063\004\073\004\060\004\110\004\065\004\075\004\070\004\065\000\040\004\076\000\040\004\062\004\113\004\067\004\076\004\062\004\060\004\105\000\040\000\050\000A\000B\000I\000\051}{section.6.5}% 92
\BOOKMARK [1][-]{section.6.6}{\376\377\004\037\004\100\004\060\004\072\004\102\004\070\004\072\004\060\000:\000\040\004\075\004\060\004\077\004\070\004\101\004\060\004\075\004\070\004\065\000\040\004\104\004\103\004\075\004\072\004\106\004\070\004\071\000\040\004\075\004\060\000\040\004\060\004\101\004\101\004\065\004\074\004\061\004\073\004\065\004\100\004\065}{chapter.6}% 93
\BOOKMARK [2][-]{subsection.6.6.1}{\376\377\004\037\004\100\004\070\004\074\004\065\004\100\000\040\0001\000:\000\040\004\022\004\076\004\067\004\062\004\100\004\060\004\102\000\040\004\072\004\076\004\075\004\101\004\102\004\060\004\075\004\102\004\113}{section.6.6}% 94
\BOOKMARK [2][-]{subsection.6.6.2}{\376\377\004\037\004\100\004\070\004\074\004\065\004\100\000\040\0002\000:\000\040\000I\000d\000e\000n\000t\000i\000t\000y\000\040\000\050\004\060\004\100\004\063\004\103\004\074\004\065\004\075\004\102\000\040\000-\000>\000\040\004\062\004\076\004\067\004\062\004\100\004\060\004\102\000\051}{section.6.6}% 95
\BOOKMARK [2][-]{subsection.6.6.3}{\376\377\004\037\004\100\004\070\004\074\004\065\004\100\000\040\0003\000:\000\040\004\041\004\073\004\076\004\066\004\065\004\075\004\070\004\065\000\040\000\050\004\064\004\062\004\060\000\040\004\060\004\100\004\063\004\103\004\074\004\065\004\075\004\102\004\060\000\051}{section.6.6}% 96
\BOOKMARK [2][-]{subsection.6.6.4}{\376\377\004\037\004\100\004\070\004\074\004\065\004\100\000\040\0004\000:\000\040\004\043\004\101\004\073\004\076\004\062\004\075\004\113\004\071\000\040\004\077\004\065\004\100\004\065\004\105\004\076\004\064\000\040\000\050\000I\000f\000/\000E\000l\000s\000e\000\051}{section.6.6}% 97
\BOOKMARK [2][-]{subsection.6.6.5}{\376\377\004\037\004\100\004\070\004\074\004\065\004\100\000\040\0005\000:\000\040\004\046\004\070\004\072\004\073\000\040\000\050\000S\000u\000m\000\051}{section.6.6}% 98
\BOOKMARK [0][-]{chapter.7}{\376\377\0007\000\040\004\033\004\065\004\072\004\106\004\070\004\117}{}% 99
\BOOKMARK [1][-]{section.7.1}{\376\377\004\020\004\064\004\100\004\065\004\101\004\060\004\106\004\070\004\117\000\040\004\077\004\060\004\074\004\117\004\102\004\070\000\040\004\062\000\040\000x\0008\0006\000-\0006\0004}{chapter.7}% 100
\BOOKMARK [2][-]{subsection.7.1.1}{\376\377\004\041\004\070\004\075\004\102\004\060\004\072\004\101\004\070\004\101\000\040\000S\000c\000a\000l\000e\000-\000I\000n\000d\000e\000x\000-\000B\000a\000s\000e\000\040\000\050\000S\000I\000B\000\051}{section.7.1}% 101
\BOOKMARK [2][-]{subsection.7.1.2}{\376\377\004\043\004\072\004\060\004\067\004\060\004\075\004\070\004\065\000\040\004\100\004\060\004\067\004\074\004\065\004\100\004\060\000\040\004\076\004\077\004\065\004\100\004\060\004\075\004\064\004\060}{section.7.1}% 102
\BOOKMARK [1][-]{section.7.2}{\376\377\004\030\004\075\004\101\004\102\004\100\004\103\004\072\004\106\004\070\004\117\000\040\000L\000E\000A\000\040\000\050\000L\000o\000a\000d\000\040\000E\000f\000f\000e\000c\000t\000i\000v\000e\000\040\000A\000d\000d\000r\000e\000s\000s\000\051}{chapter.7}% 103
\BOOKMARK [2][-]{subsection.7.2.1}{\376\377\000L\000E\000A\000\040\004\072\004\060\004\072\000\040\004\076\004\077\004\102\004\070\004\074\004\070\004\067\004\060\004\106\004\070\004\117\000\040\004\072\004\076\004\074\004\077\004\070\004\073\004\117\004\102\004\076\004\100\004\060}{section.7.2}% 104
\BOOKMARK [1][-]{section.7.3}{\376\377\004\040\004\060\004\061\004\076\004\102\004\060\000\040\004\101\004\076\000\040\004\101\004\102\004\065\004\072\004\076\004\074\000\040\004\070\000\040\004\073\004\076\004\072\004\060\004\073\004\114\004\075\004\113\004\074\004\070\000\040\004\077\004\065\004\100\004\065\004\074\004\065\004\075\004\075\004\113\004\074\004\070}{chapter.7}% 105
\BOOKMARK [2][-]{subsection.7.3.1}{\376\377\004\037\004\100\004\076\004\061\004\073\004\065\004\074\004\060\000:\000\040\000C\000a\000l\000l\000e\000e\000-\000c\000l\000o\000b\000b\000e\000r\000e\000d\000\040\004\100\004\065\004\063\004\070\004\101\004\102\004\100\004\113}{section.7.3}% 106
\BOOKMARK [2][-]{subsection.7.3.2}{\376\377\004\040\004\065\004\110\004\065\004\075\004\070\004\065\000\040\0001\000:\000\040\004\041\004\076\004\105\004\100\004\060\004\075\004\065\004\075\004\070\004\065\000\040\004\075\004\060\000\040\004\101\004\102\004\065\004\072\004\065}{section.7.3}% 107
\BOOKMARK [2][-]{subsection.7.3.3}{\376\377\004\040\004\065\004\110\004\065\004\075\004\070\004\065\000\040\0002\000:\000\040\000C\000a\000l\000l\000e\000e\000-\000s\000a\000v\000e\000d\000\040\004\100\004\065\004\063\004\070\004\101\004\102\004\100\004\113}{section.7.3}% 108
\BOOKMARK [1][-]{section.7.4}{\376\377\004\044\004\100\004\065\004\071\004\074\004\076\004\062\004\113\004\065\000\040\004\103\004\072\004\060\004\067\004\060\004\102\004\065\004\073\004\070\000\040\000\050\000F\000r\000a\000m\000e\000\040\000P\000o\000i\000n\000t\000e\000r\000s\000\051}{chapter.7}% 109
\BOOKMARK [2][-]{subsection.7.4.1}{\376\377\004\041\004\102\004\100\004\103\004\072\004\102\004\103\004\100\004\060\000\040\004\101\004\102\004\065\004\072\004\060\000\040\004\101\000\040\000R\000B\000P}{section.7.4}% 110
\BOOKMARK [1][-]{section.7.5}{\376\377\004\041\004\065\004\072\004\106\004\070\004\070\000\040\004\064\004\060\004\075\004\075\004\113\004\105\000\040\004\062\000\040\004\060\004\101\004\101\004\065\004\074\004\061\004\073\004\065\004\100\004\065}{chapter.7}% 111
\BOOKMARK [2][-]{subsection.7.5.1}{\376\377\004\024\004\070\004\100\004\065\004\072\004\102\004\070\004\062\004\113\000\040\004\060\004\101\004\101\004\065\004\074\004\061\004\073\004\065\004\100\004\060\000\040\004\064\004\073\004\117\000\040\004\064\004\060\004\075\004\075\004\113\004\105}{section.7.5}% 112
\BOOKMARK [1][-]{section.7.6}{\376\377\004\044\004\073\004\060\004\063\004\070\000\040\004\077\004\100\004\076\004\106\004\065\004\101\004\101\004\076\004\100\004\060\000\040\004\070\000\040\004\103\004\101\004\073\004\076\004\062\004\075\004\113\004\065\000\040\004\077\004\065\004\100\004\065\004\105\004\076\004\064\004\113}{chapter.7}% 113
\BOOKMARK [1][-]{section.7.7}{\376\377\004\022\004\067\004\060\004\070\004\074\004\076\004\064\004\065\004\071\004\101\004\102\004\062\004\070\004\065\000\040\004\060\004\101\004\101\004\065\004\074\004\061\004\073\004\065\004\100\004\060\000\040\004\070\000\040\000C\000/\000C\000+\000+}{chapter.7}% 114
\BOOKMARK [2][-]{subsection.7.7.1}{\376\377\004\037\004\076\004\067\004\070\004\106\004\070\004\076\004\075\004\075\004\076\000-\004\075\004\065\004\067\004\060\004\062\004\070\004\101\004\070\004\074\004\113\004\071\000\040\004\072\004\076\004\064\000\040\000\050\000P\000I\000C\000\051\000\040\004\070\000\040\000R\000I\000P\000-\004\060\004\064\004\100\004\065\004\101\004\060\004\106\004\070\004\117}{section.7.7}% 115
\BOOKMARK [2][-]{subsection.7.7.2}{\376\377\004\036\004\077\004\102\004\070\004\074\004\070\004\067\004\060\004\106\004\070\004\117\000\040\004\105\004\062\004\076\004\101\004\102\004\076\004\062\004\076\004\063\004\076\000\040\004\062\004\113\004\067\004\076\004\062\004\060\000\040\000\050\000T\000C\000O\000\051}{section.7.7}% 116
\BOOKMARK [2][-]{subsection.7.7.3}{\376\377\004\022\004\113\004\067\004\076\004\062\000\040\004\104\004\103\004\075\004\072\004\106\004\070\004\071\000\040\000C\000\040\000\050\000s\000c\000a\000n\000f\000\040\000/\000\040\000p\000r\000i\000n\000t\000f\000\051}{section.7.7}% 117
\BOOKMARK [1][-]{section.7.8}{\376\377\004\041\004\070\004\075\004\102\004\060\004\072\004\101\004\070\004\101\004\113\000\040\004\060\004\101\004\101\004\065\004\074\004\061\004\073\004\065\004\100\004\060\000:\000\040\000I\000n\000t\000e\000l\000\040\000v\000s\000.\000\040\000A\000T\000\046\000T}{chapter.7}% 118
\BOOKMARK [0][-]{chapter.8}{\376\377\0008\000\040\004\033\004\065\004\072\004\106\004\070\004\117}{}% 119
\BOOKMARK [1][-]{section.8.1}{\376\377\004\036\004\077\004\102\004\070\004\074\004\070\004\067\004\060\004\106\004\070\004\117\000\040\004\060\004\101\004\101\004\065\004\074\004\061\004\073\004\065\004\100\004\075\004\076\004\063\004\076\000\040\004\072\004\076\004\064\004\060}{chapter.8}% 120
\BOOKMARK [2][-]{subsection.8.1.1}{\376\377\004\037\004\100\004\076\004\061\004\073\004\065\004\074\004\060\000\040\004\100\004\060\004\067\004\064\004\065\004\073\004\114\004\075\004\076\004\071\000\040\004\072\004\076\004\074\004\077\004\070\004\073\004\117\004\106\004\070\004\070}{section.8.1}% 121
\BOOKMARK [2][-]{subsection.8.1.2}{\376\377\004\022\004\101\004\102\004\100\004\076\004\065\004\075\004\075\004\113\004\071\000\040\004\060\004\101\004\101\004\065\004\074\004\061\004\073\004\065\004\100\000\040\000\050\000G\000N\000U\000\040\000I\000n\000l\000i\000n\000e\000\040\000A\000s\000s\000e\000m\000b\000l\000y\000\051}{section.8.1}% 122
\BOOKMARK [2][-]{subsection.8.1.3}{\376\377\004\036\004\077\004\102\004\070\004\074\004\070\004\067\004\060\004\106\004\070\004\117\000\040\004\075\004\060\000\040\004\115\004\102\004\060\004\077\004\065\000\040\004\072\004\076\004\074\004\077\004\076\004\075\004\076\004\062\004\072\004\070\000\040\000\050\000L\000T\000O\000\051}{section.8.1}% 123
\BOOKMARK [1][-]{section.8.2}{\376\377\004\022\004\067\004\060\004\070\004\074\004\076\004\064\004\065\004\071\004\101\004\102\004\062\004\070\004\065\000\040\004\101\000\040\004\117\004\064\004\100\004\076\004\074\000\040\004\070\000\040\004\077\004\076\004\061\004\076\004\107\004\075\004\113\004\065\000\040\004\115\004\104\004\104\004\065\004\072\004\102\004\113}{chapter.8}% 124
\BOOKMARK [2][-]{subsection.8.2.1}{\376\377\004\037\004\100\004\117\004\074\004\076\004\071\000\040\004\062\004\113\004\067\004\076\004\062\000\040\000s\000y\000s\000c\000a\000l\000l}{section.8.2}% 125
\BOOKMARK [2][-]{subsection.8.2.2}{\376\377\000v\000o\000l\000a\000t\000i\000l\000e\000\040\004\070\000\040\004\077\004\076\004\061\004\076\004\107\004\075\004\113\004\065\000\040\004\115\004\104\004\104\004\065\004\072\004\102\004\113}{section.8.2}% 126
\BOOKMARK [2][-]{subsection.8.2.3}{\376\377\004\030\004\101\004\077\004\076\004\073\004\114\004\067\004\076\004\062\004\060\004\075\004\070\004\065\000\040\000a\000s\000m\000\040\004\064\004\073\004\117\000\040\004\061\004\060\004\100\004\114\004\065\004\100\004\076\004\062\000\040\004\072\004\076\004\074\004\077\004\070\004\073\004\117\004\106\004\070\004\070}{section.8.2}% 127
\BOOKMARK [1][-]{section.8.3}{\376\377\004\043\004\072\004\060\004\067\004\060\004\102\004\065\004\073\004\070\000,\000\040\004\104\004\103\004\075\004\072\004\106\004\070\004\070\000\040\004\070\000\040\004\077\004\076\004\073\004\070\004\074\004\076\004\100\004\104\004\070\004\067\004\074}{chapter.8}% 128
\BOOKMARK [2][-]{subsection.8.3.1}{\376\377\004\043\004\072\004\060\004\067\004\060\004\102\004\065\004\073\004\070\000\040\004\075\004\060\000\040\004\104\004\103\004\075\004\072\004\106\004\070\004\070\000\040\004\070\000\040\004\072\004\076\004\101\004\062\004\065\004\075\004\075\004\113\004\065\000\040\004\077\004\065\004\100\004\065\004\105\004\076\004\064\004\113}{section.8.3}% 129
\BOOKMARK [2][-]{subsection.8.3.2}{\376\377\004\027\004\060\004\111\004\070\004\102\004\060\000\040\004\076\004\102\000\040\004\060\004\102\004\060\004\072\000:\000\040\000e\000n\000d\000b\000r\0006\0004}{section.8.3}% 130
\BOOKMARK [2][-]{subsection.8.3.3}{\376\377\004\040\004\065\004\060\004\073\004\070\004\067\004\060\004\106\004\070\004\117\000\040\004\062\004\070\004\100\004\102\004\103\004\060\004\073\004\114\004\075\004\113\004\105\000\040\004\104\004\103\004\075\004\072\004\106\004\070\004\071\000\040\000C\000+\000+}{section.8.3}% 131
\BOOKMARK [2][-]{subsection.8.3.4}{\376\377\000J\000I\000T\000-\004\072\004\076\004\074\004\077\004\070\004\073\004\117\004\106\004\070\004\117\000\040\000\050\000J\000u\000s\000t\000-\000i\000n\000-\000T\000i\000m\000e\000\051}{section.8.3}% 132
\BOOKMARK [1][-]{section.8.4}{\376\377\004\024\004\070\004\075\004\060\004\074\004\070\004\107\004\065\004\101\004\072\004\060\004\117\000\040\004\072\004\076\004\074\004\077\004\076\004\075\004\076\004\062\004\072\004\060}{chapter.8}% 133
\BOOKMARK [2][-]{subsection.8.4.1}{\376\377\004\034\004\076\004\102\004\070\004\062\004\060\004\106\004\070\004\117\000\040\004\070\000\040\004\076\004\101\004\075\004\076\004\062\004\113\000\040\000\050\000.\000s\000o\000\051}{section.8.4}% 134
\BOOKMARK [2][-]{subsection.8.4.2}{\376\377\004\034\004\065\004\105\004\060\004\075\004\070\004\067\004\074\004\113\000\040\000P\000L\000T\000\040\004\070\000\040\000G\000O\000T}{section.8.4}% 135
\BOOKMARK [2][-]{subsection.8.4.3}{\376\377\004\037\004\065\004\100\004\065\004\105\004\062\004\060\004\102\000\040\004\062\004\113\004\067\004\076\004\062\004\076\004\062\000\040\000\050\000L\000D\000\137\000P\000R\000E\000L\000O\000A\000D\000\051}{section.8.4}% 136
\BOOKMARK [2][-]{subsection.8.4.4}{\376\377\004\040\004\103\004\107\004\075\004\060\004\117\000\040\004\067\004\060\004\063\004\100\004\103\004\067\004\072\004\060\000\040\004\061\004\070\004\061\004\073\004\070\004\076\004\102\004\065\004\072\000\040\000\050\000d\000l\000o\000p\000e\000n\000\051}{section.8.4}% 137
\BOOKMARK [1][-]{section.8.5}{\376\377\000F\000r\000e\000e\000s\000t\000a\000n\000d\000i\000n\000g\000:\000\040\004\037\004\100\004\076\004\063\004\100\004\060\004\074\004\074\004\113\000\040\004\061\004\065\004\067\000\040\000s\000t\000d\000l\000i\000b}{chapter.8}% 138
\BOOKMARK [2][-]{subsection.8.5.1}{\376\377\000h\000o\000s\000t\000e\000d\000\040\000v\000s\000\040\000f\000r\000e\000e\000s\000t\000a\000n\000d\000i\000n\000g}{section.8.5}% 139
\BOOKMARK [2][-]{subsection.8.5.2}{\376\377\004\042\004\076\004\107\004\072\004\060\000\040\004\062\004\105\004\076\004\064\004\060\000\040\000\137\000s\000t\000a\000r\000t}{section.8.5}% 140
\BOOKMARK [2][-]{subsection.8.5.3}{\376\377\004\027\004\060\004\063\004\100\004\103\004\067\004\072\004\060\000\040\004\070\000\040\004\100\004\060\004\101\004\110\004\070\004\100\004\065\004\075\004\070\004\065\000\040\004\067\004\075\004\060\004\072\004\060}{section.8.5}% 141
\BOOKMARK [1][-]{section.8.6}{\376\377\004\022\004\062\004\065\004\064\004\065\004\075\004\070\004\065\000\040\004\062\000\040\004\060\004\100\004\105\004\070\004\102\004\065\004\072\004\102\004\103\004\100\004\103\000\040\004\077\004\100\004\076\004\106\004\065\004\101\004\101\004\076\004\100\004\060}{chapter.8}% 142
\BOOKMARK [2][-]{subsection.8.6.1}{\376\377\004\037\004\100\004\076\004\061\004\073\004\065\004\074\004\060\000\040\004\064\004\076\004\101\004\102\004\103\004\077\004\060\000\040\004\072\000\040\004\077\004\060\004\074\004\117\004\102\004\070\000\040\004\070\000\040\004\072\004\115\004\110\004\070}{section.8.6}% 143
\BOOKMARK [2][-]{subsection.8.6.2}{\376\377\004\032\004\076\004\075\004\062\004\065\004\071\004\065\004\100\000\040\004\070\004\075\004\101\004\102\004\100\004\103\004\072\004\106\004\070\004\071\000\040\000\050\000P\000i\000p\000e\000l\000i\000n\000e\000\051}{section.8.6}% 144
\BOOKMARK [0][-]{chapter.9}{\376\377\0009\000\040\004\033\004\065\004\072\004\106\004\070\004\117}{}% 145
\BOOKMARK [1][-]{section.9.1}{\376\377\004\036\004\077\004\102\004\070\004\074\004\070\004\067\004\060\004\106\004\070\004\070\000\040\004\062\000\040\004\101\004\076\004\062\004\100\004\065\004\074\004\065\004\075\004\075\004\113\004\105\000\040\004\077\004\100\004\076\004\106\004\065\004\101\004\101\004\076\004\100\004\060\004\105}{chapter.9}% 146
\BOOKMARK [2][-]{subsection.9.1.1}{\376\377\004\020\004\101\004\101\004\076\004\106\004\070\004\060\004\102\004\070\004\062\004\075\004\076\004\101\004\102\004\114\000\040\004\072\004\115\004\110\004\060\000\040\004\070\000\040\004\065\004\121\000\040\004\062\004\073\004\070\004\117\004\075\004\070\004\065\000\040\004\075\004\060\000\040\004\077\004\100\004\076\004\070\004\067\004\062\004\076\004\064\004\070\004\102\004\065\004\073\004\114\004\075\004\076\004\101\004\102\004\114}{section.9.1}% 147
\BOOKMARK [2][-]{subsection.9.1.2}{\376\377\004\032\004\076\004\075\004\062\004\065\004\071\004\065\004\100\004\075\004\076\004\065\000\040\004\070\000\040\004\062\004\075\004\065\004\076\004\107\004\065\004\100\004\065\004\064\004\075\004\076\004\065\000\040\004\070\004\101\004\077\004\076\004\073\004\075\004\065\004\075\004\070\004\065}{section.9.1}% 148
\BOOKMARK [2][-]{subsection.9.1.3}{\376\377\004\041\004\077\004\065\004\072\004\103\004\073\004\117\004\102\004\070\004\062\004\075\004\076\004\065\000\040\004\070\004\101\004\077\004\076\004\073\004\075\004\065\004\075\004\070\004\065\000\040\004\070\000\040\004\103\004\117\004\067\004\062\004\070\004\074\004\076\004\101\004\102\004\070}{section.9.1}% 149
\BOOKMARK [2][-]{subsection.9.1.4}{\376\377\004\037\004\100\004\065\004\064\004\101\004\072\004\060\004\067\004\060\004\075\004\070\004\065\000\040\004\062\004\065\004\102\004\062\004\073\004\065\004\075\004\070\004\071\000\040\000\050\000B\000r\000a\000n\000c\000h\000\040\000P\000r\000e\000d\000i\000c\000t\000i\000o\000n\000\051}{section.9.1}% 150
\BOOKMARK [1][-]{section.9.2}{\376\377\004\037\004\100\004\065\004\064\004\101\004\102\004\060\004\062\004\073\004\065\004\075\004\070\004\065\000\040\004\075\004\065\004\106\004\065\004\073\004\113\004\105\000\040\004\107\004\070\004\101\004\065\004\073}{chapter.9}% 151
\BOOKMARK [2][-]{subsection.9.2.1}{\376\377\004\047\004\070\004\101\004\073\004\060\000\040\004\101\000\040\004\104\004\070\004\072\004\101\004\070\004\100\004\076\004\062\004\060\004\075\004\075\004\076\004\071\000\040\004\102\004\076\004\107\004\072\004\076\004\071\000\040\000\050\000F\000i\000x\000e\000d\000-\000P\000o\000i\000n\000t\000\051}{section.9.2}% 152
\BOOKMARK [2][-]{subsection.9.2.2}{\376\377\004\041\004\102\004\060\004\075\004\064\004\060\004\100\004\102\000\040\000I\000E\000E\000E\000\040\0007\0005\0004\000:\000\040\004\107\004\070\004\101\004\073\004\060\000\040\004\101\000\040\004\077\004\073\004\060\004\062\004\060\004\116\004\111\004\065\004\071\000\040\004\067\004\060\004\077\004\117\004\102\004\076\004\071}{section.9.2}% 153
\BOOKMARK [2][-]{subsection.9.2.3}{\376\377\004\041\004\077\004\065\004\106\004\070\004\060\004\073\004\114\004\075\004\113\004\065\000\040\004\101\004\073\004\103\004\107\004\060\004\070}{section.9.2}% 154
\BOOKMARK [2][-]{subsection.9.2.4}{\376\377\004\037\004\076\004\063\004\100\004\065\004\110\004\075\004\076\004\101\004\102\004\070\000\040\004\070\000\040\004\100\004\060\004\061\004\076\004\102\004\060\000\040\004\062\000\040\000C\000+\000+}{section.9.2}% 155
\BOOKMARK [1][-]{section.9.3}{\376\377\004\036\004\101\004\075\004\076\004\062\004\113\000\040\004\074\004\075\004\076\004\063\004\076\004\077\004\076\004\102\004\076\004\107\004\075\004\076\004\101\004\102\004\070}{chapter.9}% 156
\BOOKMARK [2][-]{subsection.9.3.1}{\376\377\004\037\004\100\004\076\004\106\004\065\004\101\004\101\004\113\000\040\004\070\000\040\004\077\004\076\004\102\004\076\004\072\004\070}{section.9.3}% 157
\BOOKMARK [2][-]{subsection.9.3.2}{\376\377\004\041\004\070\004\075\004\105\004\100\004\076\004\075\004\070\004\067\004\060\004\106\004\070\004\117\000\040\004\070\000\040\004\064\004\076\004\101\004\102\004\103\004\077\000\040\004\072\000\040\004\076\004\061\004\111\004\065\004\071\000\040\004\077\004\060\004\074\004\117\004\102\004\070}{section.9.3}% 158
\BOOKMARK [2][-]{subsection.9.3.3}{\376\377\004\020\004\102\004\076\004\074\004\060\004\100\004\075\004\113\004\065\000\040\004\076\004\077\004\065\004\100\004\060\004\106\004\070\004\070\000\040\000\050\000s\000t\000d\000:\000:\000a\000t\000o\000m\000i\000c\000\051}{section.9.3}% 159
\BOOKMARK [2][-]{subsection.9.3.4}{\376\377\004\037\004\100\004\070\004\074\004\070\004\102\004\070\004\062\004\113\000\040\004\061\004\073\004\076\004\072\004\070\004\100\004\103\004\116\004\111\004\065\004\071\000\040\004\101\004\070\004\075\004\105\004\100\004\076\004\075\004\070\004\067\004\060\004\106\004\070\004\070}{section.9.3}% 160
\BOOKMARK [1][-]{section.9.4}{\376\377\004\032\004\073\004\060\004\101\004\101\004\070\004\107\004\065\004\101\004\072\004\060\004\117\000\040\004\077\004\100\004\076\004\061\004\073\004\065\004\074\004\060\000:\000\040\004\076\004\061\004\065\004\064\004\060\004\116\004\111\004\070\004\065\000\040\004\104\004\070\004\073\004\076\004\101\004\076\004\104\004\113}{chapter.9}% 161
\BOOKMARK [2][-]{subsection.9.4.1}{\376\377\004\037\004\076\004\101\004\102\004\060\004\075\004\076\004\062\004\072\004\060\000\040\004\067\004\060\004\064\004\060\004\107\004\070}{section.9.4}% 162
\BOOKMARK [2][-]{subsection.9.4.2}{\376\377\004\022\004\067\004\060\004\070\004\074\004\076\004\061\004\073\004\076\004\072\004\070\004\100\004\076\004\062\004\072\004\060\000\040\000\050\000D\000e\000a\000d\000l\000o\000c\000k\000\051}{section.9.4}% 163
\BOOKMARK [0][-]{chapter.10}{\376\377\0001\0000\000\040\004\033\004\065\004\072\004\106\004\070\004\117}{}% 164
\BOOKMARK [1][-]{section.10.1}{\376\377\004\022\004\062\004\065\004\064\004\065\004\075\004\070\004\065\000:\000\040\004\041\004\070\004\063\004\075\004\060\004\073\004\113\000\040\004\070\000\040\004\075\004\060\004\061\004\073\004\116\004\064\004\060\004\065\004\074\004\113\004\071\000\040\004\077\004\060\004\100\004\060\004\073\004\073\004\065\004\073\004\070\004\067\004\074}{chapter.10}% 165
\BOOKMARK [2][-]{subsection.10.1.1}{\376\377\004\035\004\060\004\061\004\073\004\116\004\064\004\060\004\065\004\074\004\113\004\071\000\040\004\077\004\060\004\100\004\060\004\073\004\073\004\065\004\073\004\070\004\067\004\074\000\040\004\070\000\040\004\072\004\062\004\060\004\075\004\102\004\076\004\062\004\060\004\075\004\070\004\065}{section.10.1}% 166
\BOOKMARK [1][-]{section.10.2}{\376\377\004\020\004\077\004\077\004\060\004\100\004\060\004\102\004\075\004\060\004\117\000\040\004\077\004\076\004\064\004\064\004\065\004\100\004\066\004\072\004\060\000\040\004\074\004\075\004\076\004\063\004\076\004\077\004\076\004\102\004\076\004\107\004\075\004\076\004\101\004\102\004\070}{chapter.10}% 167
\BOOKMARK [2][-]{subsection.10.2.1}{\376\377\000H\000y\000p\000e\000r\000-\000t\000h\000r\000e\000a\000d\000i\000n\000g}{section.10.2}% 168
\BOOKMARK [2][-]{subsection.10.2.2}{\376\377\004\037\004\100\004\070\004\062\004\117\004\067\004\072\004\060\000\040\004\072\000\040\004\117\004\064\004\100\004\060\004\074\000\040\000\050\000C\000P\000U\000\040\000A\000f\000f\000i\000n\000i\000t\000y\000\051}{section.10.2}% 169
\BOOKMARK [2][-]{subsection.10.2.3}{\376\377\004\027\004\060\004\072\004\076\004\075\000\040\004\020\004\074\004\064\004\060\004\073\004\060}{section.10.2}% 170
\BOOKMARK [1][-]{section.10.3}{\376\377\000T\000h\000r\000e\000a\000d\000\040\000S\000a\000f\000e\000t\000y\000\040\000\050\004\037\004\076\004\102\004\076\004\072\004\076\004\061\004\065\004\067\004\076\004\077\004\060\004\101\004\075\004\076\004\101\004\102\004\114\000\051}{chapter.10}% 171
\BOOKMARK [2][-]{subsection.10.3.1}{\376\377\004\032\004\076\004\075\004\102\004\100\004\060\004\072\004\102\004\113\000\040\004\101\004\102\004\060\004\075\004\064\004\060\004\100\004\102\004\075\004\076\004\071\000\040\004\061\004\070\004\061\004\073\004\070\004\076\004\102\004\065\004\072\004\070\000\040\000C\000+\000+}{section.10.3}% 172
\BOOKMARK [2][-]{subsection.10.3.2}{\376\377\004\041\004\062\004\076\004\061\004\076\004\064\004\075\004\113\004\065\000\040\004\104\004\103\004\075\004\072\004\106\004\070\004\070}{section.10.3}% 173
\BOOKMARK [1][-]{section.10.4}{\376\377\004\037\004\100\004\070\004\074\004\070\004\102\004\070\004\062\004\113\000\040\004\101\004\070\004\075\004\105\004\100\004\076\004\075\004\070\004\067\004\060\004\106\004\070\004\070}{chapter.10}% 174
\BOOKMARK [2][-]{subsection.10.4.1}{\376\377\004\041\004\065\004\074\004\060\004\104\004\076\004\100\000\040\000\050\000S\000e\000m\000a\000p\000h\000o\000r\000e\000\051}{section.10.4}% 175
\BOOKMARK [2][-]{subsection.10.4.2}{\376\377\000R\000W\000L\000o\000c\000k\000\040\000\050\000R\000e\000a\000d\000-\000W\000r\000i\000t\000e\000\040\000L\000o\000c\000k\000\051}{section.10.4}% 176
\BOOKMARK [2][-]{subsection.10.4.3}{\376\377\004\021\004\060\004\100\004\114\004\065\004\100\000\040\000\050\000B\000a\000r\000r\000i\000e\000r\000\051}{section.10.4}% 177
\BOOKMARK [1][-]{section.10.5}{\376\377\000T\000h\000r\000e\000a\000d\000\040\000L\000o\000c\000a\000l\000\040\000S\000t\000o\000r\000a\000g\000e\000\040\000\050\000T\000L\000S\000\051}{chapter.10}% 178
\BOOKMARK [1][-]{section.10.6}{\376\377\000S\000h\000a\000r\000e\000d\000\040\000P\000o\000i\000n\000t\000e\000r\000\040\004\070\000\040\004\061\004\065\004\067\004\076\004\077\004\060\004\101\004\075\004\076\004\101\004\102\004\114}{chapter.10}% 179
\BOOKMARK [1][-]{section.10.7}{\376\377\004\020\004\102\004\076\004\074\004\070\004\072\004\070\000\040\004\070\000\040\004\074\004\076\004\064\004\065\004\073\004\114\000\040\004\077\004\060\004\074\004\117\004\102\004\070}{chapter.10}% 180
\BOOKMARK [2][-]{subsection.10.7.1}{\376\377\000C\000o\000m\000p\000a\000r\000e\000-\000A\000n\000d\000-\000S\000w\000a\000p\000\040\000\050\000C\000A\000S\000\051}{section.10.7}% 181
\BOOKMARK [1][-]{section.10.8}{\376\377\004\032\004\115\004\110\004\070\000\040\004\070\000\040\004\072\004\076\004\063\004\065\004\100\004\065\004\075\004\102\004\075\004\076\004\101\004\102\004\114}{chapter.10}% 182
\BOOKMARK [2][-]{subsection.10.8.1}{\376\377\004\030\004\065\004\100\004\060\004\100\004\105\004\070\004\117\000\040\004\077\004\060\004\074\004\117\004\102\004\070\000\040\004\070\000\040\004\077\004\100\004\076\004\102\004\076\004\072\004\076\004\073\000\040\000M\000E\000S\000I}{section.10.8}% 183
\BOOKMARK [2][-]{subsection.10.8.2}{\376\377\000F\000a\000l\000s\000e\000\040\000S\000h\000a\000r\000i\000n\000g\000\040\000\050\004\033\004\076\004\066\004\075\004\076\004\065\000\040\004\100\004\060\004\067\004\064\004\065\004\073\004\065\004\075\004\070\004\065\000\051}{section.10.8}% 184
\BOOKMARK [1][-]{section.10.9}{\376\377\004\037\004\100\004\076\004\106\004\065\004\101\004\101\004\113\000\040\004\070\000\040\000F\000o\000r\000k\000\040\004\062\000\040\004\074\004\075\004\076\004\063\004\076\004\077\004\076\004\102\004\076\004\107\004\075\004\076\004\071\000\040\004\101\004\100\004\065\004\064\004\065}{chapter.10}% 185
\BOOKMARK [1][-]{section.10.10}{\376\377\000F\000u\000t\000e\000x\000\040\000\050\000F\000a\000s\000t\000\040\000U\000s\000e\000r\000s\000p\000a\000c\000e\000\040\000M\000u\000t\000e\000x\000\051}{chapter.10}% 186
\BOOKMARK [0][-]{chapter.11}{\376\377\004\023\004\073\004\076\004\101\004\101\004\060\004\100\004\070\004\071}{}% 187
\BOOKMARK [0][-]{section*.21}{\376\377\004\041\004\073\004\076\004\062\004\060\004\100\004\114\000\040\004\102\004\065\004\100\004\074\004\070\004\075\004\076\004\062}{}% 188
