\BOOKMARK [1][-]{section.1}{\376\377\004\036\004\077\004\102\004\070\004\074\004\070\004\067\004\060\004\106\004\070\004\117\000\040\004\060\004\101\004\101\004\065\004\074\004\061\004\073\004\065\004\100\004\075\004\076\004\063\004\076\000\040\004\072\004\076\004\064\004\060}{}% 1
\BOOKMARK [2][-]{subsection.1.1}{\376\377\004\037\004\100\004\076\004\061\004\073\004\065\004\074\004\060\000\040\004\100\004\060\004\067\004\064\004\065\004\073\004\114\004\075\004\076\004\071\000\040\004\072\004\076\004\074\004\077\004\070\004\073\004\117\004\106\004\070\004\070}{section.1}% 2
\BOOKMARK [2][-]{subsection.1.2}{\376\377\004\022\004\101\004\102\004\100\004\076\004\065\004\075\004\075\004\113\004\071\000\040\004\060\004\101\004\101\004\065\004\074\004\061\004\073\004\065\004\100\000\040\000\050\000G\000N\000U\000\040\000I\000n\000l\000i\000n\000e\000\040\000A\000s\000s\000e\000m\000b\000l\000y\000\051}{section.1}% 3
\BOOKMARK [3][-]{subsubsection.1.2.1}{\376\377\004\036\004\077\004\065\004\100\004\060\004\075\004\064\004\113\000\040\004\070\000\040\004\076\004\063\004\100\004\060\004\075\004\070\004\107\004\065\004\075\004\070\004\117\000\040\000\050\000C\000o\000n\000s\000t\000r\000a\000i\000n\000t\000s\000\051}{subsection.1.2}% 4
\BOOKMARK [3][-]{subsubsection.1.2.2}{\376\377\004\041\004\077\004\070\004\101\004\076\004\072\000\040\004\077\004\076\004\100\004\107\004\070\000\040\000\050\000C\000l\000o\000b\000b\000e\000r\000s\000\051}{subsection.1.2}% 5
\BOOKMARK [2][-]{subsection.1.3}{\376\377\004\036\004\077\004\102\004\070\004\074\004\070\004\067\004\060\004\106\004\070\004\117\000\040\004\075\004\060\000\040\004\115\004\102\004\060\004\077\004\065\000\040\004\072\004\076\004\074\004\077\004\076\004\075\004\076\004\062\004\072\004\070\000\040\000\050\000L\000T\000O\000\051}{section.1}% 6
\BOOKMARK [1][-]{section.2}{\376\377\004\022\004\067\004\060\004\070\004\074\004\076\004\064\004\065\004\071\004\101\004\102\004\062\004\070\004\065\000\040\004\101\000\040\004\117\004\064\004\100\004\076\004\074\000\040\004\070\000\040\004\077\004\076\004\061\004\076\004\107\004\075\004\113\004\065\000\040\004\115\004\104\004\104\004\065\004\072\004\102\004\113}{}% 7
\BOOKMARK [2][-]{subsection.2.1}{\376\377\004\037\004\100\004\117\004\074\004\076\004\071\000\040\004\062\004\113\004\067\004\076\004\062\000\040\000s\000y\000s\000c\000a\000l\000l}{section.2}% 8
\BOOKMARK [2][-]{subsection.2.2}{\376\377\000v\000o\000l\000a\000t\000i\000l\000e\000\040\004\070\000\040\004\077\004\076\004\061\004\076\004\107\004\075\004\113\004\065\000\040\004\115\004\104\004\104\004\065\004\072\004\102\004\113}{section.2}% 9
\BOOKMARK [2][-]{subsection.2.3}{\376\377\004\030\004\101\004\077\004\076\004\073\004\114\004\067\004\076\004\062\004\060\004\075\004\070\004\065\000\040\000a\000s\000m\000\040\004\064\004\073\004\117\000\040\004\061\004\060\004\100\004\114\004\065\004\100\004\076\004\062\000\040\004\072\004\076\004\074\004\077\004\070\004\073\004\117\004\106\004\070\004\070}{section.2}% 10
\BOOKMARK [3][-]{subsubsection.2.3.1}{\376\377\004\021\004\060\004\100\004\114\004\065\004\100\000\040\004\076\004\077\004\102\004\070\004\074\004\070\004\067\004\060\004\106\004\070\004\070\000\040\000\050\000D\000o\000N\000o\000t\000O\000p\000t\000i\000m\000i\000z\000e\000\051}{subsection.2.3}% 11
\BOOKMARK [3][-]{subsubsection.2.3.2}{\376\377\004\021\004\060\004\100\004\114\004\065\004\100\000\040\004\077\004\060\004\074\004\117\004\102\004\070\000\040\000\050\000C\000o\000m\000p\000i\000l\000e\000r\000\040\000F\000e\000n\000c\000e\000\051}{subsection.2.3}% 12
\BOOKMARK [1][-]{section.3}{\376\377\004\043\004\072\004\060\004\067\004\060\004\102\004\065\004\073\004\070\000,\000\040\004\104\004\103\004\075\004\072\004\106\004\070\004\070\000\040\004\070\000\040\004\077\004\076\004\073\004\070\004\074\004\076\004\100\004\104\004\070\004\067\004\074}{}% 13
\BOOKMARK [2][-]{subsection.3.1}{\376\377\004\043\004\072\004\060\004\067\004\060\004\102\004\065\004\073\004\070\000\040\004\075\004\060\000\040\004\104\004\103\004\075\004\072\004\106\004\070\004\070\000\040\004\070\000\040\004\072\004\076\004\101\004\062\004\065\004\075\004\075\004\113\004\065\000\040\004\077\004\065\004\100\004\065\004\105\004\076\004\064\004\113}{section.3}% 14
\BOOKMARK [2][-]{subsection.3.2}{\376\377\004\027\004\060\004\111\004\070\004\102\004\060\000\040\004\076\004\102\000\040\004\060\004\102\004\060\004\072\000:\000\040\000e\000n\000d\000b\000r\0006\0004}{section.3}% 15
\BOOKMARK [2][-]{subsection.3.3}{\376\377\004\040\004\065\004\060\004\073\004\070\004\067\004\060\004\106\004\070\004\117\000\040\004\062\004\070\004\100\004\102\004\103\004\060\004\073\004\114\004\075\004\113\004\105\000\040\004\104\004\103\004\075\004\072\004\106\004\070\004\071\000\040\000C\000+\000+}{section.3}% 16
\BOOKMARK [3][-]{subsubsection.3.3.1}{\376\377\004\046\004\065\004\075\004\060\000\040\004\062\004\070\004\100\004\102\004\103\004\060\004\073\004\070\004\067\004\060\004\106\004\070\004\070}{subsection.3.3}% 17
\BOOKMARK [2][-]{subsection.3.4}{\376\377\000J\000I\000T\000-\004\072\004\076\004\074\004\077\004\070\004\073\004\117\004\106\004\070\004\117\000\040\000\050\000J\000u\000s\000t\000-\000i\000n\000-\000T\000i\000m\000e\000\051}{section.3}% 18
\BOOKMARK [1][-]{section.4}{\376\377\004\024\004\070\004\075\004\060\004\074\004\070\004\107\004\065\004\101\004\072\004\060\004\117\000\040\004\072\004\076\004\074\004\077\004\076\004\075\004\076\004\062\004\072\004\060}{}% 19
\BOOKMARK [2][-]{subsection.4.1}{\376\377\004\034\004\076\004\102\004\070\004\062\004\060\004\106\004\070\004\117\000\040\004\070\000\040\004\076\004\101\004\075\004\076\004\062\004\113\000\040\000\050\000.\000s\000o\000\051}{section.4}% 20
\BOOKMARK [3][-]{subsubsection.4.1.1}{\376\377\004\037\004\076\004\067\004\070\004\106\004\070\004\076\004\075\004\075\004\076\000-\004\075\004\065\004\067\004\060\004\062\004\070\004\101\004\070\004\074\004\113\004\071\000\040\004\072\004\076\004\064\000\040\000\050\000P\000I\000C\000\051}{subsection.4.1}% 21
\BOOKMARK [2][-]{subsection.4.2}{\376\377\004\034\004\065\004\105\004\060\004\075\004\070\004\067\004\074\004\113\000\040\000P\000L\000T\000\040\004\070\000\040\000G\000O\000T}{section.4}% 22
\BOOKMARK [2][-]{subsection.4.3}{\376\377\004\037\004\065\004\100\004\065\004\105\004\062\004\060\004\102\000\040\004\062\004\113\004\067\004\076\004\062\004\076\004\062\000\040\000\050\000L\000D\000\137\000P\000R\000E\000L\000O\000A\000D\000\051}{section.4}% 23
\BOOKMARK [2][-]{subsection.4.4}{\376\377\004\040\004\103\004\107\004\075\004\060\004\117\000\040\004\067\004\060\004\063\004\100\004\103\004\067\004\072\004\060\000\040\004\061\004\070\004\061\004\073\004\070\004\076\004\102\004\065\004\072\000\040\000\050\000d\000l\000o\000p\000e\000n\000\051}{section.4}% 24
\BOOKMARK [1][-]{section.5}{\376\377\000F\000r\000e\000e\000s\000t\000a\000n\000d\000i\000n\000g\000:\000\040\004\037\004\100\004\076\004\063\004\100\004\060\004\074\004\074\004\113\000\040\004\061\004\065\004\067\000\040\000s\000t\000d\000l\000i\000b}{}% 25
\BOOKMARK [2][-]{subsection.5.1}{\376\377\000h\000o\000s\000t\000e\000d\000\040\000v\000s\000\040\000f\000r\000e\000e\000s\000t\000a\000n\000d\000i\000n\000g}{section.5}% 26
\BOOKMARK [2][-]{subsection.5.2}{\376\377\004\042\004\076\004\107\004\072\004\060\000\040\004\062\004\105\004\076\004\064\004\060\000\040\000\137\000s\000t\000a\000r\000t}{section.5}% 27
\BOOKMARK [3][-]{subsubsection.5.2.1}{\376\377\004\041\004\076\004\101\004\102\004\076\004\117\004\075\004\070\004\065\000\040\004\077\004\100\004\070\000\040\004\067\004\060\004\077\004\103\004\101\004\072\004\065}{subsection.5.2}% 28
\BOOKMARK [3][-]{subsubsection.5.2.2}{\376\377\004\037\004\100\004\070\004\074\004\065\004\100\000\040\000\137\000s\000t\000a\000r\000t}{subsection.5.2}% 29
\BOOKMARK [2][-]{subsection.5.3}{\376\377\004\027\004\060\004\063\004\100\004\103\004\067\004\072\004\060\000\040\004\070\000\040\004\100\004\060\004\101\004\110\004\070\004\100\004\065\004\075\004\070\004\065\000\040\004\067\004\075\004\060\004\072\004\060}{section.5}% 30
\BOOKMARK [1][-]{section.6}{\376\377\004\022\004\062\004\065\004\064\004\065\004\075\004\070\004\065\000\040\004\062\000\040\004\060\004\100\004\105\004\070\004\102\004\065\004\072\004\102\004\103\004\100\004\103\000\040\004\077\004\100\004\076\004\106\004\065\004\101\004\101\004\076\004\100\004\060}{}% 31
\BOOKMARK [2][-]{subsection.6.1}{\376\377\004\037\004\100\004\076\004\061\004\073\004\065\004\074\004\060\000\040\004\064\004\076\004\101\004\102\004\103\004\077\004\060\000\040\004\072\000\040\004\077\004\060\004\074\004\117\004\102\004\070\000\040\004\070\000\040\004\072\004\115\004\110\004\070}{section.6}% 32
\BOOKMARK [3][-]{subsubsection.6.1.1}{\376\377\004\040\004\065\004\110\004\065\004\075\004\070\004\065\000\040\0001\000:\000\040\000T\000L\000B}{subsection.6.1}% 33
\BOOKMARK [3][-]{subsubsection.6.1.2}{\376\377\004\040\004\065\004\110\004\065\004\075\004\070\004\065\000\040\0002\000:\000\040\004\030\004\065\004\100\004\060\004\100\004\105\004\070\004\117\000\040\004\072\004\115\004\110\004\065\004\071\000\040\000L\0001\000/\000L\0002\000/\000L\0003}{subsection.6.1}% 34
\BOOKMARK [3][-]{subsubsection.6.1.3}{\376\377\004\036\004\100\004\063\004\060\004\075\004\070\004\067\004\060\004\106\004\070\004\117\000\040\004\072\004\115\004\110\004\060}{subsection.6.1}% 35
\BOOKMARK [2][-]{subsection.6.2}{\376\377\004\032\004\076\004\075\004\062\004\065\004\071\004\065\004\100\000\040\004\070\004\075\004\101\004\102\004\100\004\103\004\072\004\106\004\070\004\071\000\040\000\050\000P\000i\000p\000e\000l\000i\000n\000e\000\051}{section.6}% 36
\BOOKMARK [3][-]{subsubsection.6.2.1}{\376\377\004\032\004\076\004\075\004\104\004\073\004\070\004\072\004\102\004\113\000\040\000\050\000H\000a\000z\000a\000r\000d\000s\000\051}{subsection.6.2}% 37
\BOOKMARK [3][-]{subsubsection.6.2.2}{\376\377\004\037\004\100\004\076\004\064\004\062\004\070\004\075\004\103\004\102\004\113\004\065\000\040\004\076\004\077\004\102\004\070\004\074\004\070\004\067\004\060\004\106\004\070\004\070\000\040\000C\000P\000U}{subsection.6.2}% 38
\BOOKMARK [3][-]{subsubsection.6.2.3}{\376\377\004\037\004\100\004\070\004\074\004\065\004\100\000:\000\040\004\037\004\100\004\065\004\064\004\101\004\072\004\060\004\067\004\060\004\102\004\065\004\073\004\114\000\040\004\062\004\065\004\102\004\062\004\073\004\065\004\075\004\070\004\071}{subsection.6.2}% 39
